 
****************************************
Report : area
Design : MyDesign
Version: K-2015.06-SP1
Date   : Tue Nov 20 12:59:41 2018
****************************************

Library(s) Used:

    NangateOpenCellLibrary_PDKv1_2_v2008_10_slow_nldm (File: /afs/eos.ncsu.edu/lockers/research/ece/wdavis/tech/nangate/NangateOpenCellLibrary_PDKv1_2_v2008_10/liberty/520/NangateOpenCellLibrary_PDKv1_2_v2008_10_slow_nldm.db)

Number of ports:                         1391
Number of nets:                          8890
Number of cells:                         7179
Number of combinational cells:           5712
Number of sequential cells:              1463
Number of macros/black boxes:               0
Number of buf/inv:                        995
Number of references:                       6

Combinational area:               7943.292112
Buf/Inv area:                      535.458005
Noncombinational area:            5220.516095
Macro/Black Box area:                0.000000
Net Interconnect area:      undefined  (No wire load specified)

Total cell area:                 13163.808207
Total area:                 undefined

Hierarchical area distribution
------------------------------

                                  Global cell area           Local cell area
                                  -------------------  ---------------------------- 
Hierarchical cell                 Absolute    Percent  Combi-     Noncombi-  Black-
                                  Total       Total    national   national   boxes   Design
--------------------------------  ----------  -------  ---------  ---------  ------  ---------
MyDesign                          13163.8082    100.0     7.4480     0.0000  0.0000  MyDesign
control                             681.7580      5.2   544.7680   136.9900  0.0000  Control
h                                  3875.3541     29.4  2456.5100  1418.8440  0.0000  H
m                                  1345.9600     10.2   625.3660   720.5940  0.0000  M
w                                  7253.2881     55.1  4309.2001  2944.0881  0.0000  W
--------------------------------  ----------  -------  ---------  ---------  ------  ---------
Total                                                  7943.2921  5220.5161  0.0000

1
