 
****************************************
Report : Scan Compression Configuration
Design : MulDiv
Version: P-2019.03-SP1
Date   : Tue Oct 15 17:42:59 2019
****************************************

========================================
TEST MODE: all_dft
VIEW     : Specification
========================================
Minimum Compression                    10
Integration                            False
hybrid                                 False
xtolerance                             default
static_x_chain_isolation               False
synchronize_chains                     none
force_diagnosis                        False
Inputs                                 Unspecified
Outputs                                Unspecified
Chain Count                            Unspecified
Maximum Chain Length                   Unspecified

1
