Information: Layer MSMG1 is ignored for resistance and capacitance computation. (RCEX-019)
Information: Layer MSMG2 is ignored for resistance and capacitance computation. (RCEX-019)
Information: Layer MSMG3 is ignored for resistance and capacitance computation. (RCEX-019)
Information: Layer MSMG4 is ignored for resistance and capacitance computation. (RCEX-019)
Information: Layer MSMG5 is ignored for resistance and capacitance computation. (RCEX-019)
Information: Layer MG1 is ignored for resistance and capacitance computation. (RCEX-019)
Information: Layer MG2 is ignored for resistance and capacitance computation. (RCEX-019)
****************************************************************
Information: TLUPlus based RC computation is enabled. (RCEX-141)
****************************************************************
Information: The distance unit in Capacitance and Resistance is 1 micron. (RCEX-007)
Information: The RC model used is TLU+. (RCEX-015)
Information: Library Derived Cap for layer M1 : 0.16 0.16 (RCEX-011)
Information: Library Derived Res for layer M1 : 0.046 0.046 (RCEX-011)
Information: Library Derived Cap for layer MINT1 : 0.17 0.17 (RCEX-011)
Information: Library Derived Res for layer MINT1 : 0.046 0.046 (RCEX-011)
Information: Library Derived Cap for layer MINT2 : 0.17 0.17 (RCEX-011)
Information: Library Derived Res for layer MINT2 : 0.046 0.046 (RCEX-011)
Information: Library Derived Cap for layer MINT3 : 0.17 0.17 (RCEX-011)
Information: Library Derived Res for layer MINT3 : 0.046 0.046 (RCEX-011)
Information: Library Derived Cap for layer MINT4 : 0.17 0.17 (RCEX-011)
Information: Library Derived Res for layer MINT4 : 0.046 0.046 (RCEX-011)
Information: Library Derived Cap for layer MINT5 : 0.17 0.17 (RCEX-011)
Information: Library Derived Res for layer MINT5 : 0.046 0.046 (RCEX-011)
Information: Library Derived Cap for layer MSMG1 : 0.22 0.22 (RCEX-011)
Information: Library Derived Res for layer MSMG1 : 0.008 0.008 (RCEX-011)
Information: Library Derived Cap for layer MSMG2 : 0.2 0.2 (RCEX-011)
Information: Library Derived Res for layer MSMG2 : 0.008 0.008 (RCEX-011)
Information: Library Derived Cap for layer MSMG3 : 0.2 0.2 (RCEX-011)
Information: Library Derived Res for layer MSMG3 : 0.008 0.008 (RCEX-011)
Information: Library Derived Cap for layer MSMG4 : 0.2 0.2 (RCEX-011)
Information: Library Derived Res for layer MSMG4 : 0.008 0.008 (RCEX-011)
Information: Library Derived Cap for layer MSMG5 : 0.2 0.2 (RCEX-011)
Information: Library Derived Res for layer MSMG5 : 0.008 0.008 (RCEX-011)
Information: Library Derived Cap for layer MG1 : 0.21 0.21 (RCEX-011)
Information: Library Derived Res for layer MG1 : 0.00089 0.00089 (RCEX-011)
Information: Library Derived Cap for layer MG2 : 0.2 0.2 (RCEX-011)
Information: Library Derived Res for layer MG2 : 0.00089 0.00089 (RCEX-011)
Information: Library Derived Horizontal Cap : 0.17 0.17 (RCEX-011)
Information: Library Derived Horizontal Res : 0.046 0.046 (RCEX-011)
Information: Library Derived Vertical Cap : 0.17 0.17 (RCEX-011)
Information: Library Derived Vertical Res : 0.046 0.046 (RCEX-011)
Information: Using derived R and C coefficients. (RCEX-008)
Information: Using region-based R and C coefficients. (RCEX-013)
Information: Library Derived Via Res : 0.005 0.005 (RCEX-011)

Generating congestion map using Zroute global route ...
Start Global Route ... 
[Init] Elapsed real time: 0:00:00 
[Init] Elapsed cpu  time: sys=0:00:00 usr=0:00:00 total=0:00:00
[Init] Stage (MB): Used    0  Alloctr    0  Proc    0 
[Init] Total (MB): Used    6  Alloctr    6  Proc 2221 
Printing options for 'set_route_zrt_common_options'

Printing options for 'set_route_zrt_global_options'

Begin global routing.
Warning: Cell contains tie connections which are not connected to real PG. (MW-349)
Turn off antenna since no rule is specified
Cell Min-Routing-Layer = M1
Cell Max-Routing-Layer = MINT5
Warning: Pin U2937/A2 of net n6050 has no valid shapes to connect. (ZRT-100)
Current Stage stats:
[End of Read DB] Elapsed real time: 0:00:00 
[End of Read DB] Elapsed cpu  time: sys=0:00:00 usr=0:00:00 total=0:00:00
[End of Read DB] Stage (MB): Used   36  Alloctr   37  Proc   32 
[End of Read DB] Total (MB): Used   43  Alloctr   44  Proc 2253 
Constructing data structure ...
Design statistics:
Design Bounding Box (0.00,0.00,58.30,58.37)
Number of routing layers = 13
layer M1, dir Ver, min width = 0.03, min space = 0.04 pitch = 0.06
layer MINT1, dir Hor, min width = 0.03, min space = 0.04 pitch = 0.06
layer MINT2, dir Ver, min width = 0.03, min space = 0.04 pitch = 0.06
layer MINT3, dir Hor, min width = 0.03, min space = 0.04 pitch = 0.06
layer MINT4, dir Ver, min width = 0.03, min space = 0.04 pitch = 0.06
layer MINT5, dir Hor, min width = 0.03, min space = 0.04 pitch = 0.06
layer MSMG1, dir Ver, min width = 0.06, min space = 0.06 pitch = 0.11
layer MSMG2, dir Hor, min width = 0.06, min space = 0.06 pitch = 0.11
layer MSMG3, dir Ver, min width = 0.06, min space = 0.06 pitch = 0.11
layer MSMG4, dir Hor, min width = 0.06, min space = 0.06 pitch = 0.11
layer MSMG5, dir Ver, min width = 0.06, min space = 0.06 pitch = 0.11
layer MG1, dir Hor, min width = 0.11, min space = 0.11 pitch = 0.22
layer MG2, dir Ver, min width = 0.11, min space = 0.11 pitch = 0.22
Current Stage stats:
[End of Build Tech Data] Elapsed real time: 0:00:00 
[End of Build Tech Data] Elapsed cpu  time: sys=0:00:00 usr=0:00:00 total=0:00:00
[End of Build Tech Data] Stage (MB): Used    1  Alloctr    1  Proc    0 
[End of Build Tech Data] Total (MB): Used   44  Alloctr   45  Proc 2253 
Net statistics:
Total number of nets     = 5609
Number of nets to route  = 5599
10 nets are fully connected,
 of which 10 are detail routed and 0 are global routed.
Current Stage stats:
[End of Build All Nets] Elapsed real time: 0:00:00 
[End of Build All Nets] Elapsed cpu  time: sys=0:00:00 usr=0:00:00 total=0:00:00
[End of Build All Nets] Stage (MB): Used    2  Alloctr    2  Proc    0 
[End of Build All Nets] Total (MB): Used   46  Alloctr   47  Proc 2253 
Average gCell capacity  2.19	 on layer (1)	 M1
Average gCell capacity  10.76	 on layer (2)	 MINT1
Average gCell capacity  11.95	 on layer (3)	 MINT2
Average gCell capacity  11.97	 on layer (4)	 MINT3
Average gCell capacity  11.97	 on layer (5)	 MINT4
Average gCell capacity  11.99	 on layer (6)	 MINT5
Average gCell capacity  6.84	 on layer (7)	 MSMG1
Average gCell capacity  0.00	 on layer (8)	 MSMG2
Average gCell capacity  0.00	 on layer (9)	 MSMG3
Average gCell capacity  0.00	 on layer (10)	 MSMG4
Average gCell capacity  0.00	 on layer (11)	 MSMG5
Average gCell capacity  0.00	 on layer (12)	 MG1
Average gCell capacity  0.00	 on layer (13)	 MG2
Average number of tracks per gCell 12.00	 on layer (1)	 M1
Average number of tracks per gCell 12.01	 on layer (2)	 MINT1
Average number of tracks per gCell 12.00	 on layer (3)	 MINT2
Average number of tracks per gCell 12.01	 on layer (4)	 MINT3
Average number of tracks per gCell 12.00	 on layer (5)	 MINT4
Average number of tracks per gCell 12.01	 on layer (6)	 MINT5
Average number of tracks per gCell 6.87	 on layer (7)	 MSMG1
Average number of tracks per gCell 6.87	 on layer (8)	 MSMG2
Average number of tracks per gCell 6.87	 on layer (9)	 MSMG3
Average number of tracks per gCell 6.87	 on layer (10)	 MSMG4
Average number of tracks per gCell 6.87	 on layer (11)	 MSMG5
Average number of tracks per gCell 3.45	 on layer (12)	 MG1
Average number of tracks per gCell 3.43	 on layer (13)	 MG2
Number of gCells = 75088
Current Stage stats:
[End of Build Congestion map] Elapsed real time: 0:00:00 
[End of Build Congestion map] Elapsed cpu  time: sys=0:00:00 usr=0:00:00 total=0:00:00
[End of Build Congestion map] Stage (MB): Used    0  Alloctr    0  Proc    0 
[End of Build Congestion map] Total (MB): Used   46  Alloctr   48  Proc 2253 
Total stats:
[End of Build Data] Elapsed real time: 0:00:00 
[End of Build Data] Elapsed cpu  time: sys=0:00:00 usr=0:00:00 total=0:00:00
[End of Build Data] Stage (MB): Used    3  Alloctr    4  Proc    0 
[End of Build Data] Total (MB): Used   46  Alloctr   48  Proc 2253 
Current Stage stats:
[End of Blocked Pin Detection] Elapsed real time: 0:00:00 
[End of Blocked Pin Detection] Elapsed cpu  time: sys=0:00:00 usr=0:00:00 total=0:00:00
[End of Blocked Pin Detection] Stage (MB): Used    0  Alloctr    0  Proc    0 
[End of Blocked Pin Detection] Total (MB): Used   46  Alloctr   48  Proc 2253 
Information: Using 4 threads for routing. (ZRT-444)
multi gcell levels ON

Start GR phase 0
Current Stage stats:
[End of Initial Routing] Elapsed real time: 0:00:00 
[End of Initial Routing] Elapsed cpu  time: sys=0:00:00 usr=0:00:00 total=0:00:00
[End of Initial Routing] Stage (MB): Used    2  Alloctr    2  Proc    0 
[End of Initial Routing] Total (MB): Used   49  Alloctr   51  Proc 2253 
Initial. Routing result:
Initial. Both Dirs: Overflow =    54 Max = 1 GRCs =   108 (0.93%)
Initial. H routing: Overflow =    36 Max = 1 (GRCs = 13) GRCs =    76 (1.32%)
Initial. V routing: Overflow =    17 Max = 1 (GRCs = 12) GRCs =    32 (0.55%)
Initial. M1         Overflow =     6 Max = 1 (GRCs =  4) GRCs =     8 (0.14%)
Initial. MINT1      Overflow =    36 Max = 1 (GRCs = 13) GRCs =    76 (1.32%)
Initial. MINT2      Overflow =    11 Max = 1 (GRCs =  8) GRCs =    24 (0.42%)
Initial. MINT3      Overflow =     0 Max = 0 (GRCs =  0) GRCs =     0 (0.00%)
Initial. MINT4      Overflow =     0 Max = 0 (GRCs =  0) GRCs =     0 (0.00%)
Initial. MINT5      Overflow =     0 Max = 0 (GRCs =  0) GRCs =     0 (0.00%)
Initial. MSMG1      Overflow =     0 Max = 0 (GRCs =  0) GRCs =     0 (0.00%)
Initial. MSMG2      Overflow =     0 Max = 0 (GRCs =  0) GRCs =     0 (0.00%)
Initial. MSMG3      Overflow =     0 Max = 0 (GRCs =  0) GRCs =     0 (0.00%)
Initial. MSMG4      Overflow =     0 Max = 0 (GRCs =  0) GRCs =     0 (0.00%)
Initial. MSMG5      Overflow =     0 Max = 0 (GRCs =  0) GRCs =     0 (0.00%)
Initial. MG1        Overflow =     0 Max = 0 (GRCs =  0) GRCs =     0 (0.00%)
Initial. MG2        Overflow =     0 Max = 0 (GRCs =  0) GRCs =     0 (0.00%)

Initial. Total Wire Length = 33067.74
Initial. Layer M1 wire length = 208.80
Initial. Layer MINT1 wire length = 12069.58
Initial. Layer MINT2 wire length = 15944.49
Initial. Layer MINT3 wire length = 4100.06
Initial. Layer MINT4 wire length = 744.82
Initial. Layer MINT5 wire length = 0.00
Initial. Layer MSMG1 wire length = 0.00
Initial. Layer MSMG2 wire length = 0.00
Initial. Layer MSMG3 wire length = 0.00
Initial. Layer MSMG4 wire length = 0.00
Initial. Layer MSMG5 wire length = 0.00
Initial. Layer MG1 wire length = 0.00
Initial. Layer MG2 wire length = 0.00
Initial. Total Number of Contacts = 29183
Initial. Via V1_0 count = 16455
Initial. Via VINT1_0 count = 11666
Initial. Via VINT2_0 count = 960
Initial. Via VINT3_0 count = 102
Initial. Via VINT4_0 count = 0
Initial. Via VINT5_0 count = 0
Initial. Via VSMG1_0 count = 0
Initial. Via VSMG2_0 count = 0
Initial. Via VSMG3_0 count = 0
Initial. Via VSMG4_0 count = 0
Initial. Via VSMG5_0 count = 0
Initial. Via VG1_0 count = 0
Initial. completed.

Start GR phase 1
Current Stage stats:
[End of Phase1 Routing] Elapsed real time: 0:00:00 
[End of Phase1 Routing] Elapsed cpu  time: sys=0:00:00 usr=0:00:00 total=0:00:00
[End of Phase1 Routing] Stage (MB): Used    0  Alloctr    0  Proc    0 
[End of Phase1 Routing] Total (MB): Used   49  Alloctr   51  Proc 2253 
phase1. Routing result:
phase1. Both Dirs: Overflow =     5 Max = 1 GRCs =    10 (0.09%)
phase1. H routing: Overflow =     2 Max = 1 (GRCs =  1) GRCs =     5 (0.09%)
phase1. V routing: Overflow =     3 Max = 1 (GRCs =  1) GRCs =     5 (0.09%)
phase1. M1         Overflow =     3 Max = 1 (GRCs =  1) GRCs =     5 (0.09%)
phase1. MINT1      Overflow =     2 Max = 1 (GRCs =  1) GRCs =     5 (0.09%)
phase1. MINT2      Overflow =     0 Max = 0 (GRCs =  0) GRCs =     0 (0.00%)
phase1. MINT3      Overflow =     0 Max = 0 (GRCs =  0) GRCs =     0 (0.00%)
phase1. MINT4      Overflow =     0 Max = 0 (GRCs =  0) GRCs =     0 (0.00%)
phase1. MINT5      Overflow =     0 Max = 0 (GRCs =  0) GRCs =     0 (0.00%)
phase1. MSMG1      Overflow =     0 Max = 0 (GRCs =  0) GRCs =     0 (0.00%)
phase1. MSMG2      Overflow =     0 Max = 0 (GRCs =  0) GRCs =     0 (0.00%)
phase1. MSMG3      Overflow =     0 Max = 0 (GRCs =  0) GRCs =     0 (0.00%)
phase1. MSMG4      Overflow =     0 Max = 0 (GRCs =  0) GRCs =     0 (0.00%)
phase1. MSMG5      Overflow =     0 Max = 0 (GRCs =  0) GRCs =     0 (0.00%)
phase1. MG1        Overflow =     0 Max = 0 (GRCs =  0) GRCs =     0 (0.00%)
phase1. MG2        Overflow =     0 Max = 0 (GRCs =  0) GRCs =     0 (0.00%)

phase1. Total Wire Length = 33079.66
phase1. Layer M1 wire length = 205.79
phase1. Layer MINT1 wire length = 11751.82
phase1. Layer MINT2 wire length = 15869.10
phase1. Layer MINT3 wire length = 4431.74
phase1. Layer MINT4 wire length = 821.21
phase1. Layer MINT5 wire length = 0.00
phase1. Layer MSMG1 wire length = 0.00
phase1. Layer MSMG2 wire length = 0.00
phase1. Layer MSMG3 wire length = 0.00
phase1. Layer MSMG4 wire length = 0.00
phase1. Layer MSMG5 wire length = 0.00
phase1. Layer MG1 wire length = 0.00
phase1. Layer MG2 wire length = 0.00
phase1. Total Number of Contacts = 29378
phase1. Via V1_0 count = 16451
phase1. Via VINT1_0 count = 11728
phase1. Via VINT2_0 count = 1083
phase1. Via VINT3_0 count = 116
phase1. Via VINT4_0 count = 0
phase1. Via VINT5_0 count = 0
phase1. Via VSMG1_0 count = 0
phase1. Via VSMG2_0 count = 0
phase1. Via VSMG3_0 count = 0
phase1. Via VSMG4_0 count = 0
phase1. Via VSMG5_0 count = 0
phase1. Via VG1_0 count = 0
phase1. completed.

Start GR phase 2
Current Stage stats:
[End of Phase2 Routing] Elapsed real time: 0:00:00 
[End of Phase2 Routing] Elapsed cpu  time: sys=0:00:00 usr=0:00:00 total=0:00:00
[End of Phase2 Routing] Stage (MB): Used    0  Alloctr    0  Proc    0 
[End of Phase2 Routing] Total (MB): Used   49  Alloctr   51  Proc 2253 
phase2. Routing result:
phase2. Both Dirs: Overflow =     1 Max = 0 GRCs =     3 (0.03%)
phase2. H routing: Overflow =     0 Max = 0 (GRCs =  0) GRCs =     0 (0.00%)
phase2. V routing: Overflow =     1 Max = 0 (GRCs =  3) GRCs =     3 (0.05%)
phase2. M1         Overflow =     1 Max = 0 (GRCs =  3) GRCs =     3 (0.05%)
phase2. MINT1      Overflow =     0 Max = 0 (GRCs =  0) GRCs =     0 (0.00%)
phase2. MINT2      Overflow =     0 Max = 0 (GRCs =  0) GRCs =     0 (0.00%)
phase2. MINT3      Overflow =     0 Max = 0 (GRCs =  0) GRCs =     0 (0.00%)
phase2. MINT4      Overflow =     0 Max = 0 (GRCs =  0) GRCs =     0 (0.00%)
phase2. MINT5      Overflow =     0 Max = 0 (GRCs =  0) GRCs =     0 (0.00%)
phase2. MSMG1      Overflow =     0 Max = 0 (GRCs =  0) GRCs =     0 (0.00%)
phase2. MSMG2      Overflow =     0 Max = 0 (GRCs =  0) GRCs =     0 (0.00%)
phase2. MSMG3      Overflow =     0 Max = 0 (GRCs =  0) GRCs =     0 (0.00%)
phase2. MSMG4      Overflow =     0 Max = 0 (GRCs =  0) GRCs =     0 (0.00%)
phase2. MSMG5      Overflow =     0 Max = 0 (GRCs =  0) GRCs =     0 (0.00%)
phase2. MG1        Overflow =     0 Max = 0 (GRCs =  0) GRCs =     0 (0.00%)
phase2. MG2        Overflow =     0 Max = 0 (GRCs =  0) GRCs =     0 (0.00%)

phase2. Total Wire Length = 33079.66
phase2. Layer M1 wire length = 205.79
phase2. Layer MINT1 wire length = 11751.82
phase2. Layer MINT2 wire length = 15869.10
phase2. Layer MINT3 wire length = 4431.74
phase2. Layer MINT4 wire length = 821.21
phase2. Layer MINT5 wire length = 0.00
phase2. Layer MSMG1 wire length = 0.00
phase2. Layer MSMG2 wire length = 0.00
phase2. Layer MSMG3 wire length = 0.00
phase2. Layer MSMG4 wire length = 0.00
phase2. Layer MSMG5 wire length = 0.00
phase2. Layer MG1 wire length = 0.00
phase2. Layer MG2 wire length = 0.00
phase2. Total Number of Contacts = 29378
phase2. Via V1_0 count = 16451
phase2. Via VINT1_0 count = 11728
phase2. Via VINT2_0 count = 1083
phase2. Via VINT3_0 count = 116
phase2. Via VINT4_0 count = 0
phase2. Via VINT5_0 count = 0
phase2. Via VSMG1_0 count = 0
phase2. Via VSMG2_0 count = 0
phase2. Via VSMG3_0 count = 0
phase2. Via VSMG4_0 count = 0
phase2. Via VSMG5_0 count = 0
phase2. Via VG1_0 count = 0
phase2. completed.

Start GR phase 3
Current Stage stats:
[End of Phase3 Routing] Elapsed real time: 0:00:00 
[End of Phase3 Routing] Elapsed cpu  time: sys=0:00:00 usr=0:00:00 total=0:00:00
[End of Phase3 Routing] Stage (MB): Used    0  Alloctr    0  Proc    0 
[End of Phase3 Routing] Total (MB): Used   49  Alloctr   51  Proc 2253 
phase3. Routing result:
phase3. Both Dirs: Overflow =     1 Max = 0 GRCs =     3 (0.03%)
phase3. H routing: Overflow =     0 Max = 0 (GRCs =  0) GRCs =     0 (0.00%)
phase3. V routing: Overflow =     1 Max = 0 (GRCs =  3) GRCs =     3 (0.05%)
phase3. M1         Overflow =     1 Max = 0 (GRCs =  3) GRCs =     3 (0.05%)
phase3. MINT1      Overflow =     0 Max = 0 (GRCs =  0) GRCs =     0 (0.00%)
phase3. MINT2      Overflow =     0 Max = 0 (GRCs =  0) GRCs =     0 (0.00%)
phase3. MINT3      Overflow =     0 Max = 0 (GRCs =  0) GRCs =     0 (0.00%)
phase3. MINT4      Overflow =     0 Max = 0 (GRCs =  0) GRCs =     0 (0.00%)
phase3. MINT5      Overflow =     0 Max = 0 (GRCs =  0) GRCs =     0 (0.00%)
phase3. MSMG1      Overflow =     0 Max = 0 (GRCs =  0) GRCs =     0 (0.00%)
phase3. MSMG2      Overflow =     0 Max = 0 (GRCs =  0) GRCs =     0 (0.00%)
phase3. MSMG3      Overflow =     0 Max = 0 (GRCs =  0) GRCs =     0 (0.00%)
phase3. MSMG4      Overflow =     0 Max = 0 (GRCs =  0) GRCs =     0 (0.00%)
phase3. MSMG5      Overflow =     0 Max = 0 (GRCs =  0) GRCs =     0 (0.00%)
phase3. MG1        Overflow =     0 Max = 0 (GRCs =  0) GRCs =     0 (0.00%)
phase3. MG2        Overflow =     0 Max = 0 (GRCs =  0) GRCs =     0 (0.00%)

phase3. Total Wire Length = 33079.66
phase3. Layer M1 wire length = 205.79
phase3. Layer MINT1 wire length = 11751.82
phase3. Layer MINT2 wire length = 15869.10
phase3. Layer MINT3 wire length = 4431.74
phase3. Layer MINT4 wire length = 821.21
phase3. Layer MINT5 wire length = 0.00
phase3. Layer MSMG1 wire length = 0.00
phase3. Layer MSMG2 wire length = 0.00
phase3. Layer MSMG3 wire length = 0.00
phase3. Layer MSMG4 wire length = 0.00
phase3. Layer MSMG5 wire length = 0.00
phase3. Layer MG1 wire length = 0.00
phase3. Layer MG2 wire length = 0.00
phase3. Total Number of Contacts = 29378
phase3. Via V1_0 count = 16451
phase3. Via VINT1_0 count = 11728
phase3. Via VINT2_0 count = 1083
phase3. Via VINT3_0 count = 116
phase3. Via VINT4_0 count = 0
phase3. Via VINT5_0 count = 0
phase3. Via VSMG1_0 count = 0
phase3. Via VSMG2_0 count = 0
phase3. Via VSMG3_0 count = 0
phase3. Via VSMG4_0 count = 0
phase3. Via VSMG5_0 count = 0
phase3. Via VG1_0 count = 0
phase3. completed.
[End of Whole Chip Routing] Elapsed real time: 0:00:00 
[End of Whole Chip Routing] Elapsed cpu  time: sys=0:00:00 usr=0:00:00 total=0:00:00
[End of Whole Chip Routing] Stage (MB): Used    6  Alloctr    7  Proc    0 
[End of Whole Chip Routing] Total (MB): Used   49  Alloctr   51  Proc 2253 

Congestion utilization per direction:
Average vertical track utilization   = 14.12 %
Peak    vertical track utilization   = 51.61 %
Average horizontal track utilization = 15.12 %
Peak    horizontal track utilization = 55.56 %

Current Stage stats:
[GR: Done] Elapsed real time: 0:00:00 
[GR: Done] Elapsed cpu  time: sys=0:00:00 usr=0:00:00 total=0:00:00
[GR: Done] Stage (MB): Used    0  Alloctr    0  Proc    0 
[GR: Done] Total (MB): Used   49  Alloctr   50  Proc 2253 
GR Total stats:
[GR: Done] Elapsed real time: 0:00:00 
[GR: Done] Elapsed cpu  time: sys=0:00:00 usr=0:00:00 total=0:00:00
[GR: Done] Stage (MB): Used   42  Alloctr   43  Proc   32 
[GR: Done] Total (MB): Used   49  Alloctr   50  Proc 2253 
Updating congestion ...
Final total stats:
[End of Global Routing] Elapsed real time: 0:00:01 
[End of Global Routing] Elapsed cpu  time: sys=0:00:00 usr=0:00:00 total=0:00:01
[End of Global Routing] Stage (MB): Used   39  Alloctr   40  Proc   32 
[End of Global Routing] Total (MB): Used   45  Alloctr   47  Proc 2253 
 
****************************************
Report : congestion
Design : MulDiv
Version: P-2019.03-SP1
Date   : Tue Oct 15 17:44:09 2019
****************************************

Both Dirs: Overflow = 1 Max = 0 (0 GRCs) GRCs = 3 (0.03%)
H routing: Overflow = 0 Max = 0 (0 GRCs) GRCs = 0  (0.00%)
V routing: Overflow = 1 Max = 0 (3 GRCs) GRCs = 3  (0.05%)
1
