 
****************************************
Report : area
Design : MulDiv
Version: P-2019.03-SP1
Date   : Tue Oct 15 17:44:05 2019
****************************************

Library(s) Used:

    NanGate_15nm_OCL (File: /afs/eos.ncsu.edu/lockers/research/ece/wdavis/tech/nangate/NanGate_15nm_OCL_v0.1_2014_06.A/front_end/timing_power_noise/CCS/NanGate_15nm_OCL_slow_conditional_ccs.db)

Number of ports:                          236
Number of nets:                          5735
Number of cells:                         5269
Number of combinational cells:           5044
Number of sequential cells:               219
Number of macros/black boxes:               0
Number of buf/inv:                        850
Number of references:                      36

Combinational area:               1647.722528
Buf/Inv area:                      130.744324
Noncombinational area:             351.289334
Macro/Black Box area:                0.000000
Net Interconnect area:      undefined  (No wire load specified)

Total cell area:                  1999.011861
Total area:                 undefined

Area of detected synthetic parts
--------------------------------
  No DW parts to report!

Estimated area of ungrouped synthetic parts
-------------------------------------------
                                      Estimated  Perc. of
  Module              Implem.  Count       Area cell area
  ------------------- -------  ----- ---------- ---------
  DP_OP_269J1_122_314     str      1   785.1535     39.3%
  DW01_inc            apparch      1     3.6372      0.2%
  DW01_sub            apparch      2     8.1493      0.4%
  DW01_sub             pparch      2   170.9010      8.5%
  DW_leftsh              astr      1   155.7139      7.8%
  DW_rightsh             astr      2   105.3325      5.3%
  ------------------- -------  ----- ---------- ---------
  DP_OP Subtotal:                  1   785.1535     39.3%
  Total:                           9  1228.8875     61.5%

Subtotal of datapath(DP_OP) cell area:  785.1535  39.3%  (estimated)
Total synthetic cell area:              1228.8875  61.5%  (estimated)

1
