****************************************
Report : Data Mismatches
Version: P-2019.03-SP1
Date   : Thu Sep 12 12:03:36 2019
****************************************
No mismatches exist on the design.
1
1
NEX: 4482 nets
NEX: 100.00%(4482/4482) nets are valid placed

Histogram of "num of nodes per net"
  value: 	percent%
     2: 	82.8% (peak)
     3: 	4.2% 
     4: 	0.7% 
     5: 	0.0% (average = 6) 
    10: 	8.6% 
    20: 	3.5% 
    40: 	0.0% 
    1000: 	0.0% 


Histogram of "net bbox size(um)"
  value: 	percent%
   0.00: 	3.9% 
   0.50: 	13.8% 
   1.00: 	30.0% (peak)
   2.00: 	7.3% 
   3.00: 	4.4% 
   4.00: 	2.4% 
   5.00: 	11.1% (average = 7.4) 
   10.00: 	13.7% 
   20.00: 	13.1% 
   40.00: 	0.3% 


Histogram of "net bbox aspect()"
  value: 	percent%
   1.00: 	13.1% (peak)
   1.10: 	3.5% 
   1.20: 	5.8% 
   1.30: 	5.8% 
   1.40: 	5.6% 
   1.50: 	5.3% 
   1.60: 	5.4% 
   1.70: 	4.9% 
   1.80: 	5.1% 
   1.90: 	1.9% 
   2.00: 	8.5% 
   2.50: 	5.1% 
   3.00: 	6.4% (average = 3.7) 
   4.00: 	3.9% 
   5.00: 	9.8% 
   10.00: 	8.5% 
   20.00: 	1.3% 
   30.00: 	0.1% 

NEX: 3950 insts

Histogram of "inst bbox size(um)"
  value: 	percent%
   0.50: 	89.7% (average = 0.9) (peak)
   1.00: 	10.3% 

NEX: 1 NDR rules: 
  [0] default_rule_equivalent_ndr_double_spacing
1
Turn off antenna since no rule is specified
Cell Min-Routing-Layer = M1
Cell Max-Routing-Layer = MINT3
Warning: The step 0.064 of horizontal track TRACK_13 is less than the pitch 0.112 of layer MSMG1. (ZRT-642)
Warning: The step 0.112 of vertical track TRACK_23 is less than the pitch 0.224 of layer MG1. (ZRT-642)
Warning: 707 horizontal tracks are found in area (0, 0, 45.12, 45.312) of layer MSMG1. The quantity of tracks is unreasonably high. (ZRT-642)
Warning: 402 vertical tracks are found in area (0, 0, 45.12, 45.312) of layer MG1. The quantity of tracks is unreasonably high. (ZRT-642)
Warning: Ignore 2 top cell ports with no pins. (ZRT-027)
Skipping 1 internal pins that are not physical. Set route.common.verbose_level to > 0 and run routing command to get skipped pin names.
Info: number of net_type_blockage: 0 
Printing options for 'route.common.*'

Printing options for 'route.detail.*'
detail.antenna                                          :	 true                
detail.eco_max_number_of_iterations                     :	 10                  
detail.force_end_on_preferred_grid                      :	 true                
detail.timing_driven                                    :	 true                

Printing options for 'route.auto_via_ladder.*'

Warning: The check_routability command uses a single CPU process; ignoring the set_host_options -max_cores setting of 8. (ZRT-520)

============================================
==  Check for overlap of standard cells   ==
============================================

>>>>>> No overlap of standard cells found

============================================
==     Check for min-grid violations      ==
============================================

>>>>>> No min-grid violations found


============================================
==    Check for out-of-boundary ports     ==
============================================

>>>>>> Found 256 out-of-boundary ports

============================================
==        Check for blocked ports         ==
============================================

>>>>>> No blocked ports found

>>>>>> No blocked nets found

============================================
==     Check for shielding violations     ==
============================================

>>>>>> The following Non-PG net has a shape with shape_use shield_route

>>> No non-PG net has a shape with shape_use shield_route.

>>>>>> The following PG net has shape with shape_use detail_route and shape length is too long.

>>> No PG net has shape with shape_use detail_route and shape length is too long.

>>>>>> The following nets with shield non-default rule has no internal data representation in Zroute.

>>> No nets with shield non-default rule has no internal data representation in Zroute.

============================================
==     Check for via cut blockage violation   ==
============================================

>>>>>> The following via cut blockages are wrongly treated as real vias.

>>> No via cut blockage is wrongly treated as real via.

============================================
==     Check for custom via definition    ==
============================================

>>> No custom via definition has too many cuts

============================================
==          Check for via master          ==
============================================

>>> The total number of via master definition is 168

===============================================
==     Check non-default rule setting        ==
===============================================

>>> No NDR width is larger than signalRouteMaxWidth

>>> No NDR shield width is larger than signalRouteMaxWidth

======================================================
==     Check redundant duplicated PG shapes         ==
======================================================

>>> No redundant duplicated PG shapes overlap with each other.

End of check_routability
1
