Writing verilog file '/afs/eos.ncsu.edu/lockers/workspace/ece/ece720/001/zwang79/zwang79/hw02/dcrm/results/ICC2_files/xbar.v'.
Warning: Deleting existing directory results/ICC2_files/xbar.MCMM
Information: Creating directory results/ICC2_files/xbar.MCMM
Current scenario is: mode_norm.slow.RCmax
Info: all scenarios are active.
Current scenario is: mode_norm.slow.RCmax
1
Warning: Failed to find cell expansion data in current design.  (PSYN-1240)
0
1
Information: Writing COMPONENTS section (DDEFW-014)
Information: Completed COMPONENTS section  (DDEFW-016)
Information: Writing PINS section (DDEFW-014)
Information: Completed PINS section  (DDEFW-016)
Current scenario is: mode_norm.worst_low.RCmax
Information: No groups were written. (RPGP-018)
1
Current scenario is: mode_norm.fast.RCmin
Current scenario is: mode_norm.slow.RCmax
Current scenario is: mode_norm.worst_low.RCmax
Current scenario is: mode_norm.fast.RCmin
Current scenario is: mode_norm.slow.RCmax
mode_norm.slow.RCmax
