 
****************************************
Report : constraint
        -all_violators
        -max_delay
        -min_delay
        -max_capacitance
        -max_transition
Design : MulDiv
Scenario(s): mode_norm.slow.RCmax mode_norm.worst_low.RCmax mode_norm.fast.RCmin
Version: P-2019.03-SP1
Date   : Tue Oct 15 17:44:05 2019
****************************************


   min_delay/hold ('clock' group)

                             Required        Actual
   Endpoint                 Path Delay     Path Delay        Slack             Scenario
   -----------------------------------------------------------------
   divisor_reg_19_/SI         48.525         29.383 r      -19.141  (VIOLATED) mode_norm.slow.RCmax
   state_reg_1_/SI            46.683         27.635 r      -19.048  (VIOLATED) mode_norm.slow.RCmax
   divisor_reg_33_/SI         42.382         24.889 r      -17.492  (VIOLATED) mode_norm.slow.RCmax
   divisor_reg_58_/SI         41.008         23.691 r      -17.318  (VIOLATED) mode_norm.slow.RCmax
   divisor_reg_42_/SI         40.329         23.250 r      -17.079  (VIOLATED) mode_norm.slow.RCmax
   divisor_reg_46_/SI         42.999         25.989 r      -17.010  (VIOLATED) mode_norm.slow.RCmax
   divisor_reg_37_/SI         42.513         25.515 r      -16.998  (VIOLATED) mode_norm.slow.RCmax
   divisor_reg_59_/SI         41.500         24.511 r      -16.989  (VIOLATED) mode_norm.slow.RCmax
   divisor_reg_17_/SI         41.093         24.143 r      -16.949  (VIOLATED) mode_norm.slow.RCmax
   divisor_reg_54_/SI         40.949         24.057 r      -16.891  (VIOLATED) mode_norm.slow.RCmax
   divisor_reg_30_/SI         41.006         24.515 r      -16.491  (VIOLATED) mode_norm.slow.RCmax
   divisor_reg_50_/SI         39.289         22.854 r      -16.435  (VIOLATED) mode_norm.slow.RCmax
   remainder_reg_59_/SI       37.944         21.540 r      -16.404  (VIOLATED) mode_norm.slow.RCmax
   divisor_reg_36_/SI         39.824         23.480 r      -16.343  (VIOLATED) mode_norm.slow.RCmax
   divisor_reg_35_/SI         39.964         23.889 r      -16.075  (VIOLATED) mode_norm.slow.RCmax
   remainder_reg_83_/SI       37.295         21.243 r      -16.052  (VIOLATED) mode_norm.slow.RCmax
   remainder_reg_79_/SI       37.359         21.328 r      -16.031  (VIOLATED) mode_norm.slow.RCmax
   divisor_reg_43_/SI         41.370         25.352 r      -16.018  (VIOLATED) mode_norm.slow.RCmax
   divisor_reg_49_/SI         41.825         26.002 r      -15.823  (VIOLATED) mode_norm.slow.RCmax
   remainder_reg_72_/SI       37.303         21.490 r      -15.813  (VIOLATED) mode_norm.slow.RCmax
   remainder_reg_74_/SI       36.438         20.685 r      -15.752  (VIOLATED) mode_norm.slow.RCmax
   remainder_reg_73_/SI       37.288         21.562 r      -15.726  (VIOLATED) mode_norm.slow.RCmax
   remainder_reg_67_/SI       35.617         19.987 r      -15.630  (VIOLATED) mode_norm.slow.RCmax
   divisor_reg_55_/SI         39.887         24.286 r      -15.601  (VIOLATED) mode_norm.slow.RCmax
   remainder_reg_77_/SI       36.361         20.768 r      -15.593  (VIOLATED) mode_norm.slow.RCmax
   divisor_reg_0_/SI          36.285         20.785 r      -15.500  (VIOLATED) mode_norm.slow.RCmax
   remainder_reg_85_/SI       35.721         20.237 r      -15.484  (VIOLATED) mode_norm.slow.RCmax
   remainder_reg_102_/SI      36.952         21.614 r      -15.338  (VIOLATED) mode_norm.slow.RCmax
   remainder_reg_123_/SI      38.101         22.835 r      -15.267  (VIOLATED) mode_norm.slow.RCmax
   remainder_reg_7_/SI        37.719         22.484 r      -15.234  (VIOLATED) mode_norm.slow.RCmax
   remainder_reg_65_/SI       35.167         19.990 r      -15.176  (VIOLATED) mode_norm.slow.RCmax
   remainder_reg_86_/SI       36.711         21.540 r      -15.171  (VIOLATED) mode_norm.slow.RCmax
   remainder_reg_82_/SI       36.487         21.370 r      -15.116  (VIOLATED) mode_norm.slow.RCmax
   remainder_reg_50_/SI       34.552         19.449 r      -15.103  (VIOLATED) mode_norm.slow.RCmax
   remainder_reg_68_/SI       35.835         20.750 r      -15.084  (VIOLATED) mode_norm.slow.RCmax
   remainder_reg_91_/SI       34.746         19.672 r      -15.073  (VIOLATED) mode_norm.slow.RCmax
   remainder_reg_111_/SI      34.838         19.784 r      -15.054  (VIOLATED) mode_norm.slow.RCmax
   remainder_reg_116_/SI      36.093         21.056 r      -15.037  (VIOLATED) mode_norm.slow.RCmax
   divisor_reg_2_/SI          35.355         20.325 r      -15.030  (VIOLATED) mode_norm.slow.RCmax
   remainder_reg_75_/SI       35.841         20.843 r      -14.998  (VIOLATED) mode_norm.slow.RCmax
   remainder_reg_69_/SI       34.611         19.619 r      -14.992  (VIOLATED) mode_norm.slow.RCmax
   remainder_reg_81_/SI       33.959         18.968 r      -14.990  (VIOLATED) mode_norm.slow.RCmax
   remainder_reg_66_/SI       34.796         19.849 r      -14.947  (VIOLATED) mode_norm.slow.RCmax
   remainder_reg_61_/SI       33.577         18.659 r      -14.918  (VIOLATED) mode_norm.slow.RCmax
   remainder_reg_44_/SI       34.684         19.839 r      -14.846  (VIOLATED) mode_norm.slow.RCmax
   remainder_reg_76_/SI       36.210         21.432 r      -14.779  (VIOLATED) mode_norm.slow.RCmax
   remainder_reg_108_/SI      34.439         19.679 r      -14.760  (VIOLATED) mode_norm.slow.RCmax
   remainder_reg_92_/SI       34.053         19.309 r      -14.744  (VIOLATED) mode_norm.slow.RCmax
   remainder_reg_56_/SI       33.715         18.987 r      -14.728  (VIOLATED) mode_norm.slow.RCmax
   remainder_reg_103_/SI      34.334         19.620 r      -14.714  (VIOLATED) mode_norm.slow.RCmax
   remainder_reg_118_/SI      37.509         22.843 r      -14.666  (VIOLATED) mode_norm.slow.RCmax
   remainder_reg_106_/SI      34.409         19.748 r      -14.661  (VIOLATED) mode_norm.slow.RCmax
   remainder_reg_100_/SI      34.286         19.700 r      -14.587  (VIOLATED) mode_norm.slow.RCmax
   remainder_reg_43_/SI       34.810         20.263 r      -14.547  (VIOLATED) mode_norm.slow.RCmax
   remainder_reg_109_/SI      33.919         19.377 r      -14.543  (VIOLATED) mode_norm.slow.RCmax
   remainder_reg_104_/SI      34.606         20.075 r      -14.531  (VIOLATED) mode_norm.slow.RCmax
   remainder_reg_105_/SI      32.621         18.107 r      -14.514  (VIOLATED) mode_norm.slow.RCmax
   remainder_reg_107_/SI      34.307         19.801 r      -14.506  (VIOLATED) mode_norm.slow.RCmax
   remainder_reg_35_/SI       32.298         17.887 r      -14.411  (VIOLATED) mode_norm.slow.RCmax
   remainder_reg_101_/SI      34.098         19.716 r      -14.382  (VIOLATED) mode_norm.slow.RCmax
   remainder_reg_97_/SI       33.700         19.319 r      -14.381  (VIOLATED) mode_norm.slow.RCmax
   remainder_reg_115_/SI      36.712         22.339 r      -14.373  (VIOLATED) mode_norm.slow.RCmax
   remainder_reg_121_/SI      34.317         20.011 r      -14.306  (VIOLATED) mode_norm.slow.RCmax
   divisor_reg_3_/SI          33.022         18.725 r      -14.298  (VIOLATED) mode_norm.slow.RCmax
   remainder_reg_90_/SI       33.409         19.112 r      -14.297  (VIOLATED) mode_norm.slow.RCmax
   remainder_reg_95_/SI       33.504         19.217 r      -14.287  (VIOLATED) mode_norm.slow.RCmax
   remainder_reg_112_/SI      34.360         20.077 r      -14.283  (VIOLATED) mode_norm.slow.RCmax
   remainder_reg_126_/SI      32.206         17.942 r      -14.263  (VIOLATED) mode_norm.slow.RCmax
   divisor_reg_28_/SI         33.247         18.999 r      -14.249  (VIOLATED) mode_norm.slow.RCmax
   remainder_reg_94_/SI       31.567         17.328 r      -14.240  (VIOLATED) mode_norm.slow.RCmax
   remainder_reg_36_/SI       33.874         19.652 r      -14.222  (VIOLATED) mode_norm.slow.RCmax
   remainder_reg_78_/SI       32.044         17.835 r      -14.209  (VIOLATED) mode_norm.slow.RCmax
   remainder_reg_41_/SI       31.568         17.375 r      -14.192  (VIOLATED) mode_norm.slow.RCmax
   remainder_reg_63_/SI       31.465         17.293 r      -14.172  (VIOLATED) mode_norm.slow.RCmax
   divisor_reg_64_/SI         33.356         19.209 r      -14.147  (VIOLATED) mode_norm.slow.RCmax
   remainder_reg_48_/SI       32.287         18.162 r      -14.125  (VIOLATED) mode_norm.slow.RCmax
   remainder_reg_87_/SI       33.523         19.412 r      -14.112  (VIOLATED) mode_norm.slow.RCmax
   remainder_reg_84_/SI       31.648         17.558 r      -14.090  (VIOLATED) mode_norm.slow.RCmax
   remainder_reg_60_/SI       31.796         17.761 r      -14.035  (VIOLATED) mode_norm.slow.RCmax
   divisor_reg_13_/SI         32.722         18.690 r      -14.032  (VIOLATED) mode_norm.slow.RCmax
   remainder_reg_14_/SI       31.927         17.948 r      -13.979  (VIOLATED) mode_norm.slow.RCmax
   remainder_reg_13_/SI       31.460         17.509 r      -13.951  (VIOLATED) mode_norm.slow.RCmax
   remainder_reg_1_/SI        30.698         16.805 r      -13.894  (VIOLATED) mode_norm.slow.RCmax
   remainder_reg_117_/SI      33.055         19.169 r      -13.886  (VIOLATED) mode_norm.slow.RCmax
   remainder_reg_124_/SI      31.638         17.760 r      -13.879  (VIOLATED) mode_norm.slow.RCmax
   remainder_reg_98_/SI       34.546         20.674 r      -13.872  (VIOLATED) mode_norm.slow.RCmax
   remainder_reg_122_/SI      31.721         17.868 r      -13.853  (VIOLATED) mode_norm.slow.RCmax
   remainder_reg_0_/SI        32.962         19.136 r      -13.826  (VIOLATED) mode_norm.slow.RCmax
   remainder_reg_39_/SI       31.020         17.211 r      -13.809  (VIOLATED) mode_norm.slow.RCmax
   remainder_reg_32_/SI       31.212         17.404 r      -13.808  (VIOLATED) mode_norm.slow.RCmax
   divisor_reg_18_/SI         32.822         19.044 r      -13.777  (VIOLATED) mode_norm.slow.RCmax
   remainder_reg_42_/SI       30.891         17.162 r      -13.729  (VIOLATED) mode_norm.slow.RCmax
   remainder_reg_119_/SI      30.809         17.109 r      -13.700  (VIOLATED) mode_norm.slow.RCmax
   remainder_reg_51_/SI       30.860         17.168 r      -13.692  (VIOLATED) mode_norm.slow.RCmax
   remainder_reg_93_/SI       32.242         18.563 r      -13.679  (VIOLATED) mode_norm.slow.RCmax
   remainder_reg_33_/SI       29.822         16.183 r      -13.639  (VIOLATED) mode_norm.slow.RCmax
   remainder_reg_49_/SI       29.960         16.325 r      -13.635  (VIOLATED) mode_norm.slow.RCmax
   remainder_reg_45_/SI       32.291         18.713 r      -13.577  (VIOLATED) mode_norm.slow.RCmax
   divisor_reg_15_/SI         29.787         16.222 r      -13.565  (VIOLATED) mode_norm.slow.RCmax
   remainder_reg_16_/SI       30.499         16.966 r      -13.533  (VIOLATED) mode_norm.slow.RCmax
   remainder_reg_52_/SI       33.591         20.076 r      -13.515  (VIOLATED) mode_norm.slow.RCmax
   remainder_reg_57_/SI       31.233         17.725 r      -13.508  (VIOLATED) mode_norm.slow.RCmax
   divisor_reg_12_/SI         31.675         18.177 r      -13.498  (VIOLATED) mode_norm.slow.RCmax
   remainder_reg_34_/SI       30.409         16.945 r      -13.464  (VIOLATED) mode_norm.slow.RCmax
   remainder_reg_47_/SI       29.801         16.424 r      -13.377  (VIOLATED) mode_norm.slow.RCmax
   state_reg_2_/SI            29.230         15.854 r      -13.377  (VIOLATED) mode_norm.slow.RCmax
   remainder_reg_37_/SI       30.576         17.200 r      -13.376  (VIOLATED) mode_norm.slow.RCmax
   count_reg_0_/SI            29.605         16.233 r      -13.372  (VIOLATED) mode_norm.slow.RCmax
   remainder_reg_38_/SI       31.027         17.666 r      -13.360  (VIOLATED) mode_norm.slow.RCmax
   remainder_reg_12_/SI       29.500         16.179 r      -13.321  (VIOLATED) mode_norm.slow.RCmax
   remainder_reg_46_/SI       29.405         16.105 r      -13.300  (VIOLATED) mode_norm.slow.RCmax
   remainder_reg_3_/SI        29.123         15.835 r      -13.289  (VIOLATED) mode_norm.slow.RCmax
   remainder_reg_110_/SI      31.800         18.573 r      -13.227  (VIOLATED) mode_norm.slow.RCmax
   remainder_reg_88_/SI       29.894         16.751 r      -13.143  (VIOLATED) mode_norm.slow.RCmax
   remainder_reg_55_/SI       31.766         18.623 r      -13.143  (VIOLATED) mode_norm.slow.RCmax
   remainder_reg_4_/SI        28.361         15.278 r      -13.082  (VIOLATED) mode_norm.slow.RCmax
   remainder_reg_40_/SI       30.072         16.995 r      -13.077  (VIOLATED) mode_norm.slow.RCmax
   remainder_reg_2_/SI        28.736         15.685 r      -13.051  (VIOLATED) mode_norm.slow.RCmax
   remainder_reg_20_/SI       27.997         15.000 r      -12.998  (VIOLATED) mode_norm.slow.RCmax
   remainder_reg_62_/SI       29.867         16.890 r      -12.977  (VIOLATED) mode_norm.slow.RCmax
   remainder_reg_6_/SI        27.708         14.792 r      -12.916  (VIOLATED) mode_norm.slow.RCmax
   remainder_reg_8_/SI        27.686         14.790 r      -12.896  (VIOLATED) mode_norm.slow.RCmax
   remainder_reg_125_/SI      30.330         17.436 r      -12.894  (VIOLATED) mode_norm.slow.RCmax
   remainder_reg_96_/SI       27.558         14.760 r      -12.798  (VIOLATED) mode_norm.slow.RCmax
   remainder_reg_5_/SI        27.481         14.719 r      -12.762  (VIOLATED) mode_norm.slow.RCmax
   remainder_reg_11_/SI       27.215         14.509 r      -12.707  (VIOLATED) mode_norm.slow.RCmax
   remainder_reg_30_/SI       27.512         14.901 r      -12.610  (VIOLATED) mode_norm.slow.RCmax
   remainder_reg_54_/SI       32.035         19.431 r      -12.605  (VIOLATED) mode_norm.slow.RCmax
   remainder_reg_89_/SI       28.124         15.536 r      -12.587  (VIOLATED) mode_norm.slow.RCmax
   count_reg_2_/SI            27.244         14.661 r      -12.583  (VIOLATED) mode_norm.slow.RCmax
   divisor_reg_24_/SI         26.820         14.251 r      -12.569  (VIOLATED) mode_norm.slow.RCmax
   remainder_reg_80_/SI       27.935         15.366 r      -12.569  (VIOLATED) mode_norm.slow.RCmax
   remainder_reg_53_/SI       32.752         20.190 r      -12.562  (VIOLATED) mode_norm.slow.RCmax
   remainder_reg_15_/SI       27.888         15.333 r      -12.555  (VIOLATED) mode_norm.slow.RCmax
   remainder_reg_19_/SI       27.085         14.621 r      -12.464  (VIOLATED) mode_norm.slow.RCmax
   remainder_reg_9_/SI        28.158         15.732 r      -12.426  (VIOLATED) mode_norm.slow.RCmax
   remainder_reg_24_/SI       26.838         14.437 r      -12.401  (VIOLATED) mode_norm.slow.RCmax
   remainder_reg_17_/SI       26.688         14.317 r      -12.371  (VIOLATED) mode_norm.slow.RCmax
   divisor_reg_23_/SI         27.284         14.945 r      -12.339  (VIOLATED) mode_norm.slow.RCmax
   resHi_reg/SI               31.943         19.617 r      -12.326  (VIOLATED) mode_norm.slow.RCmax
   remainder_reg_29_/SI       25.949         13.659 r      -12.290  (VIOLATED) mode_norm.slow.RCmax
   remainder_reg_18_/SI       26.485         14.206 r      -12.279  (VIOLATED) mode_norm.slow.RCmax
   remainder_reg_10_/SI       26.544         14.265 r      -12.279  (VIOLATED) mode_norm.slow.RCmax
   remainder_reg_21_/SI       26.212         13.947 r      -12.265  (VIOLATED) mode_norm.slow.RCmax
   divisor_reg_63_/SI         26.526         14.266 r      -12.260  (VIOLATED) mode_norm.slow.RCmax
   remainder_reg_127_/SI      26.205         14.001 r      -12.204  (VIOLATED) mode_norm.slow.RCmax
   divisor_reg_40_/SI         26.650         14.471 r      -12.178  (VIOLATED) mode_norm.slow.RCmax
   divisor_reg_7_/SI          26.520         14.384 r      -12.135  (VIOLATED) mode_norm.slow.RCmax
   remainder_reg_22_/SI       26.785         14.687 r      -12.098  (VIOLATED) mode_norm.slow.RCmax
   divisor_reg_38_/SI         25.119         13.066 r      -12.053  (VIOLATED) mode_norm.slow.RCmax
   divisor_reg_32_/SI         26.008         13.971 r      -12.037  (VIOLATED) mode_norm.slow.RCmax
   divisor_reg_52_/SI         25.880         13.863 r      -12.017  (VIOLATED) mode_norm.slow.RCmax
   remainder_reg_23_/SI       25.515         13.513 r      -12.001  (VIOLATED) mode_norm.slow.RCmax
   divisor_reg_11_/SI         26.308         14.308 r      -12.000  (VIOLATED) mode_norm.slow.RCmax
   remainder_reg_27_/SI       26.019         14.042 r      -11.977  (VIOLATED) mode_norm.slow.RCmax
   count_reg_4_/SI            26.142         14.178 r      -11.964  (VIOLATED) mode_norm.slow.RCmax
   remainder_reg_28_/SI       25.549         13.591 r      -11.958  (VIOLATED) mode_norm.slow.RCmax
   divisor_reg_56_/SI         26.330         14.424 r      -11.905  (VIOLATED) mode_norm.slow.RCmax
   divisor_reg_25_/SI         24.957         13.067 r      -11.890  (VIOLATED) mode_norm.slow.RCmax
   divisor_reg_27_/SI         25.133         13.287 r      -11.847  (VIOLATED) mode_norm.slow.RCmax
   state_reg_0_/SI            26.614         14.769 r      -11.845  (VIOLATED) mode_norm.slow.RCmax
   divisor_reg_9_/SI          25.042         13.204 r      -11.838  (VIOLATED) mode_norm.slow.RCmax
   divisor_reg_60_/SI         26.540         14.701 r      -11.838  (VIOLATED) mode_norm.slow.RCmax
   divisor_reg_44_/SI         25.674         13.846 r      -11.828  (VIOLATED) mode_norm.slow.RCmax
   remainder_reg_120_/SI      25.312         13.521 r      -11.791  (VIOLATED) mode_norm.slow.RCmax
   divisor_reg_31_/SI         24.399         12.642 r      -11.757  (VIOLATED) mode_norm.slow.RCmax
   divisor_reg_51_/SI         24.765         13.040 r      -11.725  (VIOLATED) mode_norm.slow.RCmax
   divisor_reg_48_/SI         25.916         14.220 r      -11.697  (VIOLATED) mode_norm.slow.RCmax
   count_reg_1_/SI            24.000         12.343 r      -11.657  (VIOLATED) mode_norm.slow.RCmax
   remainder_reg_58_/SI       25.610         13.959 r      -11.651  (VIOLATED) mode_norm.slow.RCmax
   divisor_reg_41_/SI         25.023         13.381 r      -11.642  (VIOLATED) mode_norm.slow.RCmax
   remainder_reg_64_/SI       26.215         14.621 r      -11.594  (VIOLATED) mode_norm.slow.RCmax
   remainder_reg_114_/SI      25.124         13.535 r      -11.590  (VIOLATED) mode_norm.slow.RCmax
   divisor_reg_14_/SI         24.868         13.280 r      -11.588  (VIOLATED) mode_norm.slow.RCmax
   divisor_reg_47_/SI         24.832         13.265 r      -11.567  (VIOLATED) mode_norm.slow.RCmax
   divisor_reg_16_/SI         24.609         13.055 r      -11.553  (VIOLATED) mode_norm.slow.RCmax
   divisor_reg_5_/SI          25.161         13.614 r      -11.547  (VIOLATED) mode_norm.slow.RCmax
   remainder_reg_26_/SI       23.737         12.327 r      -11.410  (VIOLATED) mode_norm.slow.RCmax
   divisor_reg_57_/SI         25.274         13.867 r      -11.407  (VIOLATED) mode_norm.slow.RCmax
   isHi_reg/SI                23.852         12.449 r      -11.404  (VIOLATED) mode_norm.slow.RCmax
   neg_out_reg/SI             23.316         11.914 r      -11.402  (VIOLATED) mode_norm.slow.RCmax
   divisor_reg_53_/SI         25.652         14.283 r      -11.370  (VIOLATED) mode_norm.slow.RCmax
   count_reg_3_/SI            22.817         11.473 r      -11.344  (VIOLATED) mode_norm.slow.RCmax
   divisor_reg_39_/SI         25.521         14.188 r      -11.333  (VIOLATED) mode_norm.slow.RCmax
   divisor_reg_1_/SI          23.570         12.238 r      -11.331  (VIOLATED) mode_norm.slow.RCmax
   count_reg_6_/SI            22.961         11.681 r      -11.280  (VIOLATED) mode_norm.slow.RCmax
   remainder_reg_70_/SI       26.476         15.204 r      -11.272  (VIOLATED) mode_norm.slow.RCmax
   remainder_reg_113_/SI      22.252         11.161 r      -11.090  (VIOLATED) mode_norm.slow.RCmax
   remainder_reg_31_/SI       25.506         14.427 r      -11.079  (VIOLATED) mode_norm.slow.RCmax
   remainder_reg_71_/SI       22.378         11.381 r      -10.997  (VIOLATED) mode_norm.slow.RCmax
   req_tag_reg_1_/SI          21.667         10.706 r      -10.961  (VIOLATED) mode_norm.slow.RCmax
   req_tag_reg_2_/SI          21.883         10.934 r      -10.949  (VIOLATED) mode_norm.slow.RCmax
   remainder_reg_25_/SI       23.337         12.391 r      -10.946  (VIOLATED) mode_norm.slow.RCmax
   req_tag_reg_4_/SI          21.740         10.814 r      -10.927  (VIOLATED) mode_norm.slow.RCmax
   req_tag_reg_0_/SI          21.861         10.953 r      -10.907  (VIOLATED) mode_norm.slow.RCmax
   req_dw_reg/SI              22.853         12.069 r      -10.784  (VIOLATED) mode_norm.slow.RCmax
   remainder_reg_99_/SI       25.753         14.973 r      -10.780  (VIOLATED) mode_norm.slow.RCmax
   remainder_reg_128_/SI      20.293          9.629 r      -10.664  (VIOLATED) mode_norm.slow.RCmax
   count_reg_5_/SI            20.161          9.532 r      -10.629  (VIOLATED) mode_norm.slow.RCmax
   clk_gate_divisor_reg/latch/E   21.393     16.128 f       -5.265  (VIOLATED) mode_norm.slow.RCmax
   count_reg_4_/D             21.039         18.217 r       -2.822  (VIOLATED) mode_norm.slow.RCmax
   neg_out_reg/D              20.163         18.421 r       -1.742  (VIOLATED) mode_norm.slow.RCmax
   count_reg_6_/D             20.615         19.387 f       -1.229  (VIOLATED) mode_norm.slow.RCmax
   clk_gate_remainder_reg/latch/E   19.589   18.532 r       -1.057  (VIOLATED) mode_norm.slow.RCmax


   min_delay/hold ('clock' group)

                             Required        Actual
   Endpoint                 Path Delay     Path Delay        Slack             Scenario
   -----------------------------------------------------------------
   state_reg_1_/SI            46.852         36.248 f      -10.604  (VIOLATED) mode_norm.worst_low.RCmax
   divisor_reg_19_/SI         48.824         38.395 f      -10.429  (VIOLATED) mode_norm.worst_low.RCmax
   divisor_reg_58_/SI         41.635         31.693 f       -9.942  (VIOLATED) mode_norm.worst_low.RCmax
   divisor_reg_33_/SI         43.036         33.138 f       -9.898  (VIOLATED) mode_norm.worst_low.RCmax
   divisor_reg_42_/SI         41.140         31.286 f       -9.855  (VIOLATED) mode_norm.worst_low.RCmax
   divisor_reg_17_/SI         41.916         32.303 f       -9.613  (VIOLATED) mode_norm.worst_low.RCmax
   divisor_reg_59_/SI         42.281         32.702 f       -9.578  (VIOLATED) mode_norm.worst_low.RCmax
   divisor_reg_54_/SI         41.609         32.059 f       -9.550  (VIOLATED) mode_norm.worst_low.RCmax
   divisor_reg_50_/SI         40.250         30.818 f       -9.432  (VIOLATED) mode_norm.worst_low.RCmax
   divisor_reg_37_/SI         43.253         33.833 f       -9.420  (VIOLATED) mode_norm.worst_low.RCmax
   divisor_reg_46_/SI         43.584         34.258 f       -9.325  (VIOLATED) mode_norm.worst_low.RCmax
   remainder_reg_59_/SI       37.118         27.844 f       -9.274  (VIOLATED) mode_norm.worst_low.RCmax
   divisor_reg_36_/SI         40.509         31.301 f       -9.208  (VIOLATED) mode_norm.worst_low.RCmax
   remainder_reg_83_/SI       37.273         28.085 f       -9.188  (VIOLATED) mode_norm.worst_low.RCmax
   divisor_reg_30_/SI         41.748         32.575 f       -9.173  (VIOLATED) mode_norm.worst_low.RCmax
   remainder_reg_79_/SI       37.298         28.148 f       -9.150  (VIOLATED) mode_norm.worst_low.RCmax
   remainder_reg_74_/SI       36.515         27.460 f       -9.055  (VIOLATED) mode_norm.worst_low.RCmax
   remainder_reg_67_/SI       35.464         26.437 f       -9.027  (VIOLATED) mode_norm.worst_low.RCmax
   divisor_reg_35_/SI         40.794         31.838 f       -8.956  (VIOLATED) mode_norm.worst_low.RCmax
   remainder_reg_72_/SI       37.235         28.289 f       -8.946  (VIOLATED) mode_norm.worst_low.RCmax
   remainder_reg_85_/SI       35.843         26.925 f       -8.918  (VIOLATED) mode_norm.worst_low.RCmax
   remainder_reg_77_/SI       36.442         27.529 f       -8.913  (VIOLATED) mode_norm.worst_low.RCmax
   remainder_reg_73_/SI       37.076         28.241 f       -8.835  (VIOLATED) mode_norm.worst_low.RCmax
   divisor_reg_0_/SI          36.103         27.318 f       -8.785  (VIOLATED) mode_norm.worst_low.RCmax
   remainder_reg_81_/SI       34.264         25.504 f       -8.760  (VIOLATED) mode_norm.worst_low.RCmax
   remainder_reg_50_/SI       34.548         25.831 f       -8.717  (VIOLATED) mode_norm.worst_low.RCmax
   remainder_reg_61_/SI       33.477         24.799 f       -8.678  (VIOLATED) mode_norm.worst_low.RCmax
   divisor_reg_43_/SI         42.181         33.505 f       -8.676  (VIOLATED) mode_norm.worst_low.RCmax
   remainder_reg_65_/SI       35.033         26.370 f       -8.663  (VIOLATED) mode_norm.worst_low.RCmax
   remainder_reg_91_/SI       34.682         26.038 f       -8.645  (VIOLATED) mode_norm.worst_low.RCmax
   remainder_reg_111_/SI      34.917         26.282 f       -8.634  (VIOLATED) mode_norm.worst_low.RCmax
   remainder_reg_69_/SI       34.640         26.035 f       -8.604  (VIOLATED) mode_norm.worst_low.RCmax
   remainder_reg_102_/SI      36.861         28.323 f       -8.538  (VIOLATED) mode_norm.worst_low.RCmax
   divisor_reg_2_/SI          35.342         26.831 f       -8.511  (VIOLATED) mode_norm.worst_low.RCmax
   remainder_reg_66_/SI       34.724         26.213 f       -8.511  (VIOLATED) mode_norm.worst_low.RCmax
   divisor_reg_55_/SI         40.637         32.136 f       -8.501  (VIOLATED) mode_norm.worst_low.RCmax
   remainder_reg_68_/SI       35.811         27.327 f       -8.484  (VIOLATED) mode_norm.worst_low.RCmax
   remainder_reg_105_/SI      32.694         24.222 f       -8.472  (VIOLATED) mode_norm.worst_low.RCmax
   remainder_reg_35_/SI       32.566         24.105 f       -8.461  (VIOLATED) mode_norm.worst_low.RCmax
   remainder_reg_92_/SI       34.088         25.629 f       -8.459  (VIOLATED) mode_norm.worst_low.RCmax
   remainder_reg_56_/SI       33.478         25.033 f       -8.445  (VIOLATED) mode_norm.worst_low.RCmax
   remainder_reg_123_/SI      38.792         30.351 f       -8.441  (VIOLATED) mode_norm.worst_low.RCmax
   remainder_reg_44_/SI       34.544         26.124 f       -8.420  (VIOLATED) mode_norm.worst_low.RCmax
   remainder_reg_82_/SI       36.516         28.096 f       -8.419  (VIOLATED) mode_norm.worst_low.RCmax
   remainder_reg_108_/SI      34.532         26.114 f       -8.419  (VIOLATED) mode_norm.worst_low.RCmax
   remainder_reg_86_/SI       36.606         28.197 f       -8.409  (VIOLATED) mode_norm.worst_low.RCmax
   remainder_reg_116_/SI      36.040         27.651 f       -8.389  (VIOLATED) mode_norm.worst_low.RCmax
   remainder_reg_75_/SI       35.752         27.366 f       -8.386  (VIOLATED) mode_norm.worst_low.RCmax
   remainder_reg_126_/SI      32.723         24.342 f       -8.381  (VIOLATED) mode_norm.worst_low.RCmax
   remainder_reg_94_/SI       31.513         23.142 f       -8.371  (VIOLATED) mode_norm.worst_low.RCmax
   remainder_reg_103_/SI      34.308         25.940 f       -8.367  (VIOLATED) mode_norm.worst_low.RCmax
   remainder_reg_41_/SI       31.758         23.394 f       -8.365  (VIOLATED) mode_norm.worst_low.RCmax
   divisor_reg_49_/SI         42.318         33.961 f       -8.356  (VIOLATED) mode_norm.worst_low.RCmax
   divisor_reg_3_/SI          33.763         25.433 f       -8.331  (VIOLATED) mode_norm.worst_low.RCmax
   remainder_reg_7_/SI        37.679         29.357 f       -8.322  (VIOLATED) mode_norm.worst_low.RCmax
   remainder_reg_109_/SI      34.117         25.805 f       -8.312  (VIOLATED) mode_norm.worst_low.RCmax
   remainder_reg_63_/SI       31.249         22.942 r       -8.307  (VIOLATED) mode_norm.worst_low.RCmax
   remainder_reg_106_/SI      34.361         26.058 f       -8.303  (VIOLATED) mode_norm.worst_low.RCmax
   remainder_reg_78_/SI       32.245         23.953 f       -8.292  (VIOLATED) mode_norm.worst_low.RCmax
   remainder_reg_100_/SI      34.244         25.992 f       -8.251  (VIOLATED) mode_norm.worst_low.RCmax
   remainder_reg_84_/SI       31.825         23.579 f       -8.247  (VIOLATED) mode_norm.worst_low.RCmax
   remainder_reg_1_/SI        31.007         22.765 f       -8.242  (VIOLATED) mode_norm.worst_low.RCmax
   remainder_reg_104_/SI      34.700         26.525 f       -8.174  (VIOLATED) mode_norm.worst_low.RCmax
   remainder_reg_107_/SI      34.306         26.134 f       -8.173  (VIOLATED) mode_norm.worst_low.RCmax
   remainder_reg_13_/SI       31.743         23.578 f       -8.165  (VIOLATED) mode_norm.worst_low.RCmax
   remainder_reg_33_/SI       30.123         21.981 f       -8.142  (VIOLATED) mode_norm.worst_low.RCmax
   remainder_reg_124_/SI      32.356         24.216 f       -8.140  (VIOLATED) mode_norm.worst_low.RCmax
   remainder_reg_48_/SI       32.288         24.153 f       -8.135  (VIOLATED) mode_norm.worst_low.RCmax
   remainder_reg_60_/SI       31.719         23.593 f       -8.125  (VIOLATED) mode_norm.worst_low.RCmax
   remainder_reg_97_/SI       33.524         25.404 f       -8.120  (VIOLATED) mode_norm.worst_low.RCmax
   remainder_reg_49_/SI       30.263         22.149 f       -8.114  (VIOLATED) mode_norm.worst_low.RCmax
   divisor_reg_28_/SI         33.270         25.162 f       -8.109  (VIOLATED) mode_norm.worst_low.RCmax
   remainder_reg_90_/SI       33.326         25.219 f       -8.107  (VIOLATED) mode_norm.worst_low.RCmax
   remainder_reg_95_/SI       33.517         25.418 f       -8.099  (VIOLATED) mode_norm.worst_low.RCmax
   remainder_reg_119_/SI      31.483         23.386 f       -8.098  (VIOLATED) mode_norm.worst_low.RCmax
   remainder_reg_76_/SI       36.032         27.935 f       -8.097  (VIOLATED) mode_norm.worst_low.RCmax
   divisor_reg_13_/SI         33.310         25.223 f       -8.086  (VIOLATED) mode_norm.worst_low.RCmax
   remainder_reg_43_/SI       34.562         26.477 f       -8.085  (VIOLATED) mode_norm.worst_low.RCmax
   divisor_reg_15_/SI         30.139         22.055 f       -8.084  (VIOLATED) mode_norm.worst_low.RCmax
   remainder_reg_39_/SI       31.167         23.086 f       -8.081  (VIOLATED) mode_norm.worst_low.RCmax
   remainder_reg_14_/SI       31.969         23.901 f       -8.068  (VIOLATED) mode_norm.worst_low.RCmax
   remainder_reg_122_/SI      32.243         24.180 f       -8.062  (VIOLATED) mode_norm.worst_low.RCmax
   remainder_reg_101_/SI      33.881         25.834 f       -8.048  (VIOLATED) mode_norm.worst_low.RCmax
   divisor_reg_64_/SI         33.688         25.644 f       -8.043  (VIOLATED) mode_norm.worst_low.RCmax
   remainder_reg_32_/SI       31.283         23.250 f       -8.033  (VIOLATED) mode_norm.worst_low.RCmax
   remainder_reg_121_/SI      34.607         26.576 f       -8.032  (VIOLATED) mode_norm.worst_low.RCmax
   remainder_reg_42_/SI       31.065         23.037 f       -8.028  (VIOLATED) mode_norm.worst_low.RCmax
   remainder_reg_51_/SI       31.146         23.131 f       -8.014  (VIOLATED) mode_norm.worst_low.RCmax
   state_reg_2_/SI            29.568         21.574 f       -7.994  (VIOLATED) mode_norm.worst_low.RCmax
   remainder_reg_112_/SI      34.539         26.555 f       -7.985  (VIOLATED) mode_norm.worst_low.RCmax
   remainder_reg_36_/SI       33.934         25.950 f       -7.984  (VIOLATED) mode_norm.worst_low.RCmax
   remainder_reg_3_/SI        29.547         21.608 f       -7.939  (VIOLATED) mode_norm.worst_low.RCmax
   count_reg_0_/SI            30.015         22.079 f       -7.936  (VIOLATED) mode_norm.worst_low.RCmax
   remainder_reg_87_/SI       33.604         25.671 f       -7.933  (VIOLATED) mode_norm.worst_low.RCmax
   remainder_reg_16_/SI       30.765         22.845 f       -7.919  (VIOLATED) mode_norm.worst_low.RCmax
   remainder_reg_12_/SI       29.950         22.038 f       -7.913  (VIOLATED) mode_norm.worst_low.RCmax
   remainder_reg_47_/SI       30.220         22.309 f       -7.911  (VIOLATED) mode_norm.worst_low.RCmax
   remainder_reg_4_/SI        29.047         21.138 f       -7.909  (VIOLATED) mode_norm.worst_low.RCmax
   remainder_reg_34_/SI       30.827         22.936 f       -7.891  (VIOLATED) mode_norm.worst_low.RCmax
   remainder_reg_46_/SI       29.604         21.736 f       -7.868  (VIOLATED) mode_norm.worst_low.RCmax
   remainder_reg_6_/SI        28.415         20.552 f       -7.863  (VIOLATED) mode_norm.worst_low.RCmax
   remainder_reg_20_/SI       28.477         20.620 f       -7.857  (VIOLATED) mode_norm.worst_low.RCmax
   remainder_reg_8_/SI        28.393         20.547 f       -7.846  (VIOLATED) mode_norm.worst_low.RCmax
   remainder_reg_2_/SI        29.352         21.547 f       -7.804  (VIOLATED) mode_norm.worst_low.RCmax
   remainder_reg_117_/SI      33.218         25.415 f       -7.803  (VIOLATED) mode_norm.worst_low.RCmax
   remainder_reg_0_/SI        33.310         25.511 f       -7.799  (VIOLATED) mode_norm.worst_low.RCmax
   divisor_reg_12_/SI         32.412         24.636 f       -7.776  (VIOLATED) mode_norm.worst_low.RCmax
   remainder_reg_96_/SI       28.242         20.472 f       -7.769  (VIOLATED) mode_norm.worst_low.RCmax
   remainder_reg_118_/SI      37.238         29.484 f       -7.753  (VIOLATED) mode_norm.worst_low.RCmax
   remainder_reg_5_/SI        28.198         20.446 f       -7.752  (VIOLATED) mode_norm.worst_low.RCmax
   remainder_reg_57_/SI       31.341         23.595 f       -7.745  (VIOLATED) mode_norm.worst_low.RCmax
   divisor_reg_18_/SI         32.994         25.257 f       -7.738  (VIOLATED) mode_norm.worst_low.RCmax
   remainder_reg_11_/SI       27.807         20.083 f       -7.724  (VIOLATED) mode_norm.worst_low.RCmax
   remainder_reg_37_/SI       30.637         22.915 f       -7.722  (VIOLATED) mode_norm.worst_low.RCmax
   remainder_reg_93_/SI       32.161         24.461 f       -7.700  (VIOLATED) mode_norm.worst_low.RCmax
   remainder_reg_88_/SI       30.354         22.680 f       -7.674  (VIOLATED) mode_norm.worst_low.RCmax
   divisor_reg_24_/SI         27.394         19.739 f       -7.655  (VIOLATED) mode_norm.worst_low.RCmax
   remainder_reg_38_/SI       31.232         23.580 f       -7.652  (VIOLATED) mode_norm.worst_low.RCmax
   remainder_reg_115_/SI      36.533         28.913 f       -7.619  (VIOLATED) mode_norm.worst_low.RCmax
   remainder_reg_45_/SI       32.308         24.700 f       -7.608  (VIOLATED) mode_norm.worst_low.RCmax
   count_reg_2_/SI            27.850         20.247 f       -7.603  (VIOLATED) mode_norm.worst_low.RCmax
   remainder_reg_30_/SI       27.977         20.415 f       -7.562  (VIOLATED) mode_norm.worst_low.RCmax
   remainder_reg_98_/SI       34.559         27.028 f       -7.532  (VIOLATED) mode_norm.worst_low.RCmax
   remainder_reg_19_/SI       27.583         20.087 f       -7.496  (VIOLATED) mode_norm.worst_low.RCmax
   divisor_reg_38_/SI         25.992         18.501 f       -7.491  (VIOLATED) mode_norm.worst_low.RCmax
   remainder_reg_40_/SI       29.966         22.475 f       -7.490  (VIOLATED) mode_norm.worst_low.RCmax
   remainder_reg_29_/SI       26.242         18.756 f       -7.485  (VIOLATED) mode_norm.worst_low.RCmax
   remainder_reg_24_/SI       27.333         19.856 f       -7.477  (VIOLATED) mode_norm.worst_low.RCmax
   divisor_reg_63_/SI         27.445         19.981 f       -7.464  (VIOLATED) mode_norm.worst_low.RCmax
   remainder_reg_17_/SI       27.121         19.659 f       -7.462  (VIOLATED) mode_norm.worst_low.RCmax
   remainder_reg_80_/SI       28.503         21.040 f       -7.462  (VIOLATED) mode_norm.worst_low.RCmax
   remainder_reg_62_/SI       29.969         22.508 f       -7.460  (VIOLATED) mode_norm.worst_low.RCmax
   remainder_reg_21_/SI       26.729         19.275 f       -7.454  (VIOLATED) mode_norm.worst_low.RCmax
   remainder_reg_127_/SI      27.053         19.603 f       -7.450  (VIOLATED) mode_norm.worst_low.RCmax
   remainder_reg_15_/SI       28.358         20.914 f       -7.444  (VIOLATED) mode_norm.worst_low.RCmax
   remainder_reg_89_/SI       28.566         21.136 f       -7.430  (VIOLATED) mode_norm.worst_low.RCmax
   remainder_reg_18_/SI       27.040         19.611 f       -7.428  (VIOLATED) mode_norm.worst_low.RCmax
   remainder_reg_10_/SI       27.063         19.651 f       -7.412  (VIOLATED) mode_norm.worst_low.RCmax
   remainder_reg_125_/SI      30.845         23.474 f       -7.371  (VIOLATED) mode_norm.worst_low.RCmax
   divisor_reg_25_/SI         25.841         18.472 f       -7.369  (VIOLATED) mode_norm.worst_low.RCmax
   divisor_reg_23_/SI         27.924         20.561 f       -7.363  (VIOLATED) mode_norm.worst_low.RCmax
   divisor_reg_31_/SI         25.280         17.930 f       -7.350  (VIOLATED) mode_norm.worst_low.RCmax
   divisor_reg_40_/SI         27.418         20.082 f       -7.336  (VIOLATED) mode_norm.worst_low.RCmax
   remainder_reg_110_/SI      31.687         24.351 f       -7.335  (VIOLATED) mode_norm.worst_low.RCmax
   remainder_reg_23_/SI       26.144         18.811 f       -7.334  (VIOLATED) mode_norm.worst_low.RCmax
   remainder_reg_52_/SI       33.536         26.218 f       -7.318  (VIOLATED) mode_norm.worst_low.RCmax
   count_reg_1_/SI            24.687         17.374 f       -7.312  (VIOLATED) mode_norm.worst_low.RCmax
   divisor_reg_9_/SI          25.986         18.676 f       -7.311  (VIOLATED) mode_norm.worst_low.RCmax
   divisor_reg_52_/SI         26.629         19.323 f       -7.306  (VIOLATED) mode_norm.worst_low.RCmax
   remainder_reg_55_/SI       31.943         24.638 f       -7.305  (VIOLATED) mode_norm.worst_low.RCmax
   count_reg_3_/SI            23.940         16.640 f       -7.300  (VIOLATED) mode_norm.worst_low.RCmax
   divisor_reg_7_/SI          27.170         19.872 f       -7.299  (VIOLATED) mode_norm.worst_low.RCmax
   divisor_reg_27_/SI         26.007         18.715 f       -7.292  (VIOLATED) mode_norm.worst_low.RCmax
   divisor_reg_32_/SI         26.671         19.381 f       -7.290  (VIOLATED) mode_norm.worst_low.RCmax
   remainder_reg_28_/SI       26.053         18.786 f       -7.267  (VIOLATED) mode_norm.worst_low.RCmax
   remainder_reg_9_/SI        28.547         21.286 f       -7.261  (VIOLATED) mode_norm.worst_low.RCmax
   neg_out_reg/SI             24.412         17.160 f       -7.252  (VIOLATED) mode_norm.worst_low.RCmax
   divisor_reg_51_/SI         25.666         18.414 f       -7.252  (VIOLATED) mode_norm.worst_low.RCmax
   divisor_reg_11_/SI         27.088         19.865 f       -7.223  (VIOLATED) mode_norm.worst_low.RCmax
   remainder_reg_27_/SI       26.631         19.410 f       -7.221  (VIOLATED) mode_norm.worst_low.RCmax
   count_reg_6_/SI            24.084         16.875 f       -7.209  (VIOLATED) mode_norm.worst_low.RCmax
   remainder_reg_22_/SI       27.339         20.137 f       -7.201  (VIOLATED) mode_norm.worst_low.RCmax
   count_reg_4_/SI            26.762         19.571 f       -7.191  (VIOLATED) mode_norm.worst_low.RCmax
   remainder_reg_128_/SI      21.600         14.409 f       -7.191  (VIOLATED) mode_norm.worst_low.RCmax
   count_reg_5_/SI            21.476         14.287 f       -7.189  (VIOLATED) mode_norm.worst_low.RCmax
   remainder_reg_120_/SI      26.052         18.872 f       -7.180  (VIOLATED) mode_norm.worst_low.RCmax
   req_tag_reg_1_/SI          22.941         15.763 f       -7.178  (VIOLATED) mode_norm.worst_low.RCmax
   remainder_reg_113_/SI      23.359         16.192 f       -7.167  (VIOLATED) mode_norm.worst_low.RCmax
   remainder_reg_26_/SI       24.518         17.378 f       -7.140  (VIOLATED) mode_norm.worst_low.RCmax
   divisor_reg_44_/SI         26.302         19.164 f       -7.138  (VIOLATED) mode_norm.worst_low.RCmax
   divisor_reg_56_/SI         27.156         20.021 f       -7.135  (VIOLATED) mode_norm.worst_low.RCmax
   divisor_reg_1_/SI          24.670         17.536 f       -7.133  (VIOLATED) mode_norm.worst_low.RCmax
   isHi_reg/SI                24.839         17.707 f       -7.132  (VIOLATED) mode_norm.worst_low.RCmax
   req_tag_reg_4_/SI          23.008         15.880 f       -7.128  (VIOLATED) mode_norm.worst_low.RCmax
   divisor_reg_41_/SI         25.967         18.841 f       -7.127  (VIOLATED) mode_norm.worst_low.RCmax
   req_tag_reg_2_/SI          23.138         16.018 f       -7.120  (VIOLATED) mode_norm.worst_low.RCmax
   divisor_reg_14_/SI         25.824         18.717 f       -7.107  (VIOLATED) mode_norm.worst_low.RCmax
   divisor_reg_16_/SI         25.418         18.318 f       -7.100  (VIOLATED) mode_norm.worst_low.RCmax
   req_tag_reg_0_/SI          23.117         16.034 f       -7.083  (VIOLATED) mode_norm.worst_low.RCmax
   divisor_reg_47_/SI         25.698         18.619 f       -7.079  (VIOLATED) mode_norm.worst_low.RCmax
   remainder_reg_71_/SI       23.447         16.401 f       -7.046  (VIOLATED) mode_norm.worst_low.RCmax
   state_reg_0_/SI            27.436         20.402 f       -7.034  (VIOLATED) mode_norm.worst_low.RCmax
   remainder_reg_114_/SI      25.918         18.891 f       -7.027  (VIOLATED) mode_norm.worst_low.RCmax
   divisor_reg_48_/SI         26.830         19.805 f       -7.024  (VIOLATED) mode_norm.worst_low.RCmax
   divisor_reg_60_/SI         27.263         20.241 f       -7.022  (VIOLATED) mode_norm.worst_low.RCmax
   remainder_reg_58_/SI       26.472         19.456 f       -7.017  (VIOLATED) mode_norm.worst_low.RCmax
   divisor_reg_5_/SI          26.099         19.087 f       -7.012  (VIOLATED) mode_norm.worst_low.RCmax
   divisor_reg_57_/SI         26.143         19.296 f       -6.846  (VIOLATED) mode_norm.worst_low.RCmax
   remainder_reg_64_/SI       26.936         20.102 f       -6.834  (VIOLATED) mode_norm.worst_low.RCmax
   remainder_reg_25_/SI       24.283         17.492 f       -6.791  (VIOLATED) mode_norm.worst_low.RCmax
   divisor_reg_53_/SI         26.611         19.849 f       -6.762  (VIOLATED) mode_norm.worst_low.RCmax
   req_dw_reg/SI              23.869         17.130 f       -6.739  (VIOLATED) mode_norm.worst_low.RCmax
   divisor_reg_39_/SI         26.381         19.648 f       -6.733  (VIOLATED) mode_norm.worst_low.RCmax
   remainder_reg_54_/SI       32.185         25.458 f       -6.726  (VIOLATED) mode_norm.worst_low.RCmax
   remainder_reg_53_/SI       32.662         26.139 f       -6.523  (VIOLATED) mode_norm.worst_low.RCmax
   resHi_reg/SI               31.906         25.458 f       -6.447  (VIOLATED) mode_norm.worst_low.RCmax
   remainder_reg_31_/SI       26.041         19.597 f       -6.444  (VIOLATED) mode_norm.worst_low.RCmax
   remainder_reg_70_/SI       27.055         20.720 f       -6.335  (VIOLATED) mode_norm.worst_low.RCmax
   remainder_reg_99_/SI       26.374         20.242 f       -6.132  (VIOLATED) mode_norm.worst_low.RCmax
   clk_gate_divisor_reg/latch/E   20.770     20.587 f       -0.184  (VIOLATED) mode_norm.worst_low.RCmax


   min_delay/hold ('clock' group)

                             Required        Actual
   Endpoint                 Path Delay     Path Delay        Slack             Scenario
   -----------------------------------------------------------------
   divisor_reg_19_/SI         46.507         29.919 r      -16.587  (VIOLATED) mode_norm.fast.RCmin
   state_reg_1_/SI            44.282         27.831 r      -16.451  (VIOLATED) mode_norm.fast.RCmin
   divisor_reg_33_/SI         41.379         25.829 r      -15.550  (VIOLATED) mode_norm.fast.RCmin
   divisor_reg_58_/SI         40.075         24.627 r      -15.448  (VIOLATED) mode_norm.fast.RCmin
   divisor_reg_42_/SI         39.349         24.116 r      -15.233  (VIOLATED) mode_norm.fast.RCmin
   divisor_reg_59_/SI         40.487         25.380 r      -15.107  (VIOLATED) mode_norm.fast.RCmin
   divisor_reg_17_/SI         40.143         25.044 r      -15.099  (VIOLATED) mode_norm.fast.RCmin
   divisor_reg_37_/SI         41.484         26.402 r      -15.082  (VIOLATED) mode_norm.fast.RCmin
   divisor_reg_46_/SI         41.900         26.839 r      -15.061  (VIOLATED) mode_norm.fast.RCmin
   divisor_reg_54_/SI         40.023         24.967 r      -15.056  (VIOLATED) mode_norm.fast.RCmin
   divisor_reg_30_/SI         40.074         25.393 r      -14.681  (VIOLATED) mode_norm.fast.RCmin
   divisor_reg_50_/SI         38.346         23.669 r      -14.677  (VIOLATED) mode_norm.fast.RCmin
   divisor_reg_36_/SI         38.931         24.341 r      -14.590  (VIOLATED) mode_norm.fast.RCmin
   remainder_reg_59_/SI       36.441         21.927 r      -14.514  (VIOLATED) mode_norm.fast.RCmin
   divisor_reg_35_/SI         39.046         24.716 r      -14.330  (VIOLATED) mode_norm.fast.RCmin
   divisor_reg_43_/SI         40.378         26.161 r      -14.217  (VIOLATED) mode_norm.fast.RCmin
   remainder_reg_83_/SI       35.638         21.472 r      -14.166  (VIOLATED) mode_norm.fast.RCmin
   remainder_reg_79_/SI       35.699         21.553 r      -14.145  (VIOLATED) mode_norm.fast.RCmin
   divisor_reg_49_/SI         40.778         26.768 r      -14.011  (VIOLATED) mode_norm.fast.RCmin
   remainder_reg_72_/SI       35.646         21.692 r      -13.954  (VIOLATED) mode_norm.fast.RCmin
   remainder_reg_74_/SI       34.760         20.853 r      -13.908  (VIOLATED) mode_norm.fast.RCmin
   divisor_reg_55_/SI         38.978         25.084 r      -13.895  (VIOLATED) mode_norm.fast.RCmin
   remainder_reg_67_/SI       34.066         20.218 r      -13.848  (VIOLATED) mode_norm.fast.RCmin
   remainder_reg_73_/SI       35.488         21.650 r      -13.838  (VIOLATED) mode_norm.fast.RCmin
   remainder_reg_77_/SI       34.695         20.925 r      -13.771  (VIOLATED) mode_norm.fast.RCmin
   divisor_reg_0_/SI          34.632         20.939 r      -13.693  (VIOLATED) mode_norm.fast.RCmin
   remainder_reg_85_/SI       34.004         20.334 r      -13.670  (VIOLATED) mode_norm.fast.RCmin
   remainder_reg_123_/SI      36.937         23.363 r      -13.574  (VIOLATED) mode_norm.fast.RCmin
   remainder_reg_102_/SI      35.354         21.801 r      -13.553  (VIOLATED) mode_norm.fast.RCmin
   remainder_reg_65_/SI       33.685         20.214 r      -13.471  (VIOLATED) mode_norm.fast.RCmin
   remainder_reg_50_/SI       33.234         19.770 r      -13.464  (VIOLATED) mode_norm.fast.RCmin
   remainder_reg_7_/SI        35.997         22.581 r      -13.416  (VIOLATED) mode_norm.fast.RCmin
   remainder_reg_91_/SI       33.340         19.932 r      -13.408  (VIOLATED) mode_norm.fast.RCmin
   remainder_reg_86_/SI       34.993         21.615 r      -13.377  (VIOLATED) mode_norm.fast.RCmin
   remainder_reg_61_/SI       32.408         19.049 r      -13.359  (VIOLATED) mode_norm.fast.RCmin
   remainder_reg_82_/SI       34.803         21.461 r      -13.342  (VIOLATED) mode_norm.fast.RCmin
   remainder_reg_111_/SI      33.096         19.764 r      -13.332  (VIOLATED) mode_norm.fast.RCmin
   remainder_reg_68_/SI       34.141         20.818 r      -13.323  (VIOLATED) mode_norm.fast.RCmin
   remainder_reg_69_/SI       33.103         19.793 r      -13.310  (VIOLATED) mode_norm.fast.RCmin
   divisor_reg_2_/SI          33.740         20.437 r      -13.303  (VIOLATED) mode_norm.fast.RCmin
   remainder_reg_81_/SI       32.358         19.067 r      -13.291  (VIOLATED) mode_norm.fast.RCmin
   remainder_reg_66_/SI       33.303         20.032 r      -13.271  (VIOLATED) mode_norm.fast.RCmin
   remainder_reg_116_/SI      34.313         21.059 r      -13.254  (VIOLATED) mode_norm.fast.RCmin
   remainder_reg_75_/SI       34.100         20.866 r      -13.233  (VIOLATED) mode_norm.fast.RCmin
   remainder_reg_44_/SI       33.276         20.071 r      -13.205  (VIOLATED) mode_norm.fast.RCmin
   remainder_reg_92_/SI       32.896         19.700 r      -13.195  (VIOLATED) mode_norm.fast.RCmin
   remainder_reg_56_/SI       32.395         19.253 r      -13.142  (VIOLATED) mode_norm.fast.RCmin
   remainder_reg_108_/SI      32.923         19.819 r      -13.104  (VIOLATED) mode_norm.fast.RCmin
   remainder_reg_103_/SI      32.820         19.755 r      -13.065  (VIOLATED) mode_norm.fast.RCmin
   remainder_reg_106_/SI      33.055         19.995 r      -13.060  (VIOLATED) mode_norm.fast.RCmin
   remainder_reg_76_/SI       34.569         21.511 r      -13.058  (VIOLATED) mode_norm.fast.RCmin
   remainder_reg_100_/SI      32.951         19.951 r      -13.000  (VIOLATED) mode_norm.fast.RCmin
   remainder_reg_104_/SI      33.359         20.392 r      -12.967  (VIOLATED) mode_norm.fast.RCmin
   remainder_reg_105_/SI      31.229         18.280 r      -12.949  (VIOLATED) mode_norm.fast.RCmin
   remainder_reg_109_/SI      32.476         19.537 r      -12.940  (VIOLATED) mode_norm.fast.RCmin
   remainder_reg_43_/SI       33.247         20.351 r      -12.896  (VIOLATED) mode_norm.fast.RCmin
   divisor_reg_3_/SI          32.147         19.255 r      -12.893  (VIOLATED) mode_norm.fast.RCmin
   remainder_reg_118_/SI      35.677         22.785 r      -12.891  (VIOLATED) mode_norm.fast.RCmin
   remainder_reg_35_/SI       30.882         18.026 r      -12.856  (VIOLATED) mode_norm.fast.RCmin
   remainder_reg_107_/SI      32.657         19.811 r      -12.846  (VIOLATED) mode_norm.fast.RCmin
   remainder_reg_94_/SI       30.490         17.676 r      -12.814  (VIOLATED) mode_norm.fast.RCmin
   remainder_reg_97_/SI       32.303         19.492 r      -12.811  (VIOLATED) mode_norm.fast.RCmin
   divisor_reg_28_/SI         32.214         19.417 r      -12.797  (VIOLATED) mode_norm.fast.RCmin
   remainder_reg_90_/SI       32.194         19.405 r      -12.790  (VIOLATED) mode_norm.fast.RCmin
   remainder_reg_101_/SI      32.644         19.854 r      -12.790  (VIOLATED) mode_norm.fast.RCmin
   remainder_reg_95_/SI       32.290         19.512 r      -12.778  (VIOLATED) mode_norm.fast.RCmin
   remainder_reg_126_/SI      30.943         18.173 r      -12.770  (VIOLATED) mode_norm.fast.RCmin
   remainder_reg_63_/SI       30.357         17.611 r      -12.746  (VIOLATED) mode_norm.fast.RCmin
   remainder_reg_41_/SI       30.402         17.656 r      -12.746  (VIOLATED) mode_norm.fast.RCmin
   remainder_reg_112_/SI      32.850         20.166 r      -12.684  (VIOLATED) mode_norm.fast.RCmin
   remainder_reg_78_/SI       30.504         17.827 r      -12.676  (VIOLATED) mode_norm.fast.RCmin
   remainder_reg_115_/SI      34.995         22.321 r      -12.673  (VIOLATED) mode_norm.fast.RCmin
   remainder_reg_121_/SI      32.662         19.993 r      -12.669  (VIOLATED) mode_norm.fast.RCmin
   remainder_reg_36_/SI       32.479         19.810 r      -12.669  (VIOLATED) mode_norm.fast.RCmin
   remainder_reg_48_/SI       31.018         18.375 r      -12.643  (VIOLATED) mode_norm.fast.RCmin
   remainder_reg_84_/SI       30.256         17.634 r      -12.622  (VIOLATED) mode_norm.fast.RCmin
   divisor_reg_64_/SI         31.847         19.231 r      -12.616  (VIOLATED) mode_norm.fast.RCmin
   remainder_reg_60_/SI       30.625         18.026 r      -12.599  (VIOLATED) mode_norm.fast.RCmin
   remainder_reg_14_/SI       30.857         18.284 r      -12.573  (VIOLATED) mode_norm.fast.RCmin
   remainder_reg_87_/SI       31.993         19.452 r      -12.541  (VIOLATED) mode_norm.fast.RCmin
   remainder_reg_13_/SI       30.313         17.776 r      -12.538  (VIOLATED) mode_norm.fast.RCmin
   divisor_reg_13_/SI         31.377         18.846 r      -12.531  (VIOLATED) mode_norm.fast.RCmin
   remainder_reg_1_/SI        29.529         17.022 r      -12.507  (VIOLATED) mode_norm.fast.RCmin
   remainder_reg_124_/SI      30.583         18.090 r      -12.493  (VIOLATED) mode_norm.fast.RCmin
   remainder_reg_39_/SI       29.950         17.504 r      -12.445  (VIOLATED) mode_norm.fast.RCmin
   remainder_reg_122_/SI      30.449         18.040 r      -12.410  (VIOLATED) mode_norm.fast.RCmin
   remainder_reg_32_/SI       29.968         17.573 r      -12.395  (VIOLATED) mode_norm.fast.RCmin
   remainder_reg_98_/SI       33.313         20.937 r      -12.377  (VIOLATED) mode_norm.fast.RCmin
   remainder_reg_117_/SI      31.445         19.082 r      -12.363  (VIOLATED) mode_norm.fast.RCmin
   remainder_reg_119_/SI      29.734         17.381 r      -12.353  (VIOLATED) mode_norm.fast.RCmin
   remainder_reg_42_/SI       29.699         17.350 r      -12.349  (VIOLATED) mode_norm.fast.RCmin
   remainder_reg_0_/SI        31.513         19.195 r      -12.318  (VIOLATED) mode_norm.fast.RCmin
   remainder_reg_33_/SI       28.653         16.344 r      -12.310  (VIOLATED) mode_norm.fast.RCmin
   remainder_reg_93_/SI       31.218         18.912 r      -12.305  (VIOLATED) mode_norm.fast.RCmin
   remainder_reg_49_/SI       28.769         16.474 r      -12.295  (VIOLATED) mode_norm.fast.RCmin
   remainder_reg_51_/SI       29.533         17.249 r      -12.284  (VIOLATED) mode_norm.fast.RCmin
   divisor_reg_18_/SI         31.247         18.967 r      -12.279  (VIOLATED) mode_norm.fast.RCmin
   divisor_reg_15_/SI         28.692         16.429 r      -12.264  (VIOLATED) mode_norm.fast.RCmin
   divisor_reg_12_/SI         30.977         18.739 r      -12.238  (VIOLATED) mode_norm.fast.RCmin
   remainder_reg_16_/SI       29.361         17.161 r      -12.200  (VIOLATED) mode_norm.fast.RCmin
   remainder_reg_45_/SI       31.101         18.929 r      -12.172  (VIOLATED) mode_norm.fast.RCmin
   state_reg_2_/SI            28.305         16.147 r      -12.158  (VIOLATED) mode_norm.fast.RCmin
   remainder_reg_57_/SI       30.123         17.966 r      -12.157  (VIOLATED) mode_norm.fast.RCmin
   remainder_reg_47_/SI       28.778         16.665 r      -12.113  (VIOLATED) mode_norm.fast.RCmin
   remainder_reg_34_/SI       29.138         17.028 r      -12.110  (VIOLATED) mode_norm.fast.RCmin
   remainder_reg_37_/SI       29.597         17.505 r      -12.092  (VIOLATED) mode_norm.fast.RCmin
   count_reg_0_/SI            28.470         16.382 r      -12.088  (VIOLATED) mode_norm.fast.RCmin
   remainder_reg_12_/SI       28.519         16.436 r      -12.084  (VIOLATED) mode_norm.fast.RCmin
   remainder_reg_46_/SI       28.459         16.382 r      -12.077  (VIOLATED) mode_norm.fast.RCmin
   remainder_reg_3_/SI        27.928         15.889 r      -12.039  (VIOLATED) mode_norm.fast.RCmin
   remainder_reg_52_/SI       32.127         20.097 r      -12.030  (VIOLATED) mode_norm.fast.RCmin
   remainder_reg_38_/SI       29.806         17.797 r      -12.009  (VIOLATED) mode_norm.fast.RCmin
   remainder_reg_20_/SI       27.125         15.250 r      -11.875  (VIOLATED) mode_norm.fast.RCmin
   remainder_reg_110_/SI      30.622         18.750 r      -11.872  (VIOLATED) mode_norm.fast.RCmin
   remainder_reg_88_/SI       28.708         16.845 r      -11.863  (VIOLATED) mode_norm.fast.RCmin
   remainder_reg_40_/SI       29.186         17.324 r      -11.862  (VIOLATED) mode_norm.fast.RCmin
   remainder_reg_4_/SI        26.996         15.161 r      -11.835  (VIOLATED) mode_norm.fast.RCmin
   remainder_reg_2_/SI        27.472         15.648 r      -11.824  (VIOLATED) mode_norm.fast.RCmin
   remainder_reg_55_/SI       30.430         18.668 r      -11.763  (VIOLATED) mode_norm.fast.RCmin
   remainder_reg_62_/SI       28.855         17.102 r      -11.753  (VIOLATED) mode_norm.fast.RCmin
   remainder_reg_6_/SI        26.462         14.725 r      -11.736  (VIOLATED) mode_norm.fast.RCmin
   remainder_reg_8_/SI        26.443         14.723 r      -11.720  (VIOLATED) mode_norm.fast.RCmin
   remainder_reg_96_/SI       26.709         14.991 r      -11.718  (VIOLATED) mode_norm.fast.RCmin
   remainder_reg_125_/SI      29.216         17.579 r      -11.637  (VIOLATED) mode_norm.fast.RCmin
   remainder_reg_5_/SI        26.272         14.654 r      -11.617  (VIOLATED) mode_norm.fast.RCmin
   divisor_reg_24_/SI         26.235         14.629 r      -11.606  (VIOLATED) mode_norm.fast.RCmin
   remainder_reg_11_/SI       26.184         14.583 r      -11.601  (VIOLATED) mode_norm.fast.RCmin
   remainder_reg_30_/SI       26.719         15.156 r      -11.563  (VIOLATED) mode_norm.fast.RCmin
   count_reg_2_/SI            26.378         14.848 r      -11.531  (VIOLATED) mode_norm.fast.RCmin
   remainder_reg_15_/SI       27.034         15.551 r      -11.484  (VIOLATED) mode_norm.fast.RCmin
   remainder_reg_80_/SI       27.029         15.547 r      -11.482  (VIOLATED) mode_norm.fast.RCmin
   remainder_reg_89_/SI       27.100         15.633 r      -11.467  (VIOLATED) mode_norm.fast.RCmin
   remainder_reg_19_/SI       26.225         14.794 r      -11.431  (VIOLATED) mode_norm.fast.RCmin
   remainder_reg_24_/SI       26.014         14.622 r      -11.392  (VIOLATED) mode_norm.fast.RCmin
   remainder_reg_17_/SI       25.895         14.517 r      -11.378  (VIOLATED) mode_norm.fast.RCmin
   remainder_reg_29_/SI       25.288         13.922 r      -11.366  (VIOLATED) mode_norm.fast.RCmin
   divisor_reg_23_/SI         26.624         15.269 r      -11.354  (VIOLATED) mode_norm.fast.RCmin
   remainder_reg_9_/SI        27.258         15.911 r      -11.347  (VIOLATED) mode_norm.fast.RCmin
   remainder_reg_21_/SI       25.499         14.179 r      -11.320  (VIOLATED) mode_norm.fast.RCmin
   remainder_reg_18_/SI       25.723         14.413 r      -11.310  (VIOLATED) mode_norm.fast.RCmin
   remainder_reg_10_/SI       25.776         14.469 r      -11.307  (VIOLATED) mode_norm.fast.RCmin
   divisor_reg_63_/SI         25.741         14.455 r      -11.286  (VIOLATED) mode_norm.fast.RCmin
   remainder_reg_54_/SI       30.658         19.386 r      -11.272  (VIOLATED) mode_norm.fast.RCmin
   divisor_reg_40_/SI         26.082         14.827 r      -11.255  (VIOLATED) mode_norm.fast.RCmin
   remainder_reg_127_/SI      25.324         14.079 r      -11.245  (VIOLATED) mode_norm.fast.RCmin
   divisor_reg_7_/SI          25.980         14.753 r      -11.228  (VIOLATED) mode_norm.fast.RCmin
   remainder_reg_53_/SI       31.423         20.196 r      -11.227  (VIOLATED) mode_norm.fast.RCmin
   divisor_reg_38_/SI         24.572         13.358 r      -11.213  (VIOLATED) mode_norm.fast.RCmin
   divisor_reg_32_/SI         25.425         14.275 r      -11.150  (VIOLATED) mode_norm.fast.RCmin
   divisor_reg_52_/SI         25.301         14.163 r      -11.139  (VIOLATED) mode_norm.fast.RCmin
   remainder_reg_22_/SI       25.976         14.851 r      -11.125  (VIOLATED) mode_norm.fast.RCmin
   divisor_reg_11_/SI         25.797         14.679 r      -11.118  (VIOLATED) mode_norm.fast.RCmin
   remainder_reg_23_/SI       24.768         13.668 r      -11.100  (VIOLATED) mode_norm.fast.RCmin
   remainder_reg_28_/SI       24.942         13.850 r      -11.092  (VIOLATED) mode_norm.fast.RCmin
   divisor_reg_25_/SI         24.437         13.360 r      -11.077  (VIOLATED) mode_norm.fast.RCmin
   resHi_reg/SI               30.742         19.685 r      -11.057  (VIOLATED) mode_norm.fast.RCmin
   count_reg_4_/SI            25.433         14.383 r      -11.050  (VIOLATED) mode_norm.fast.RCmin
   remainder_reg_27_/SI       25.189         14.149 r      -11.040  (VIOLATED) mode_norm.fast.RCmin
   divisor_reg_56_/SI         25.817         14.789 r      -11.028  (VIOLATED) mode_norm.fast.RCmin
   divisor_reg_27_/SI         24.584         13.562 r      -11.022  (VIOLATED) mode_norm.fast.RCmin
   divisor_reg_9_/SI          24.502         13.482 r      -11.020  (VIOLATED) mode_norm.fast.RCmin
   divisor_reg_31_/SI         23.946         12.944 r      -11.002  (VIOLATED) mode_norm.fast.RCmin
   divisor_reg_44_/SI         25.135         14.153 r      -10.982  (VIOLATED) mode_norm.fast.RCmin
   divisor_reg_51_/SI         24.279         13.340 r      -10.939  (VIOLATED) mode_norm.fast.RCmin
   count_reg_1_/SI            23.541         12.604 r      -10.936  (VIOLATED) mode_norm.fast.RCmin
   divisor_reg_60_/SI         25.876         14.949 r      -10.927  (VIOLATED) mode_norm.fast.RCmin
   remainder_reg_120_/SI      24.456         13.545 r      -10.911  (VIOLATED) mode_norm.fast.RCmin
   state_reg_0_/SI            25.821         14.915 r      -10.905  (VIOLATED) mode_norm.fast.RCmin
   divisor_reg_41_/SI         24.486         13.645 r      -10.841  (VIOLATED) mode_norm.fast.RCmin
   divisor_reg_48_/SI         25.232         14.411 r      -10.821  (VIOLATED) mode_norm.fast.RCmin
   divisor_reg_14_/SI         24.357         13.555 r      -10.803  (VIOLATED) mode_norm.fast.RCmin
   divisor_reg_16_/SI         24.117         13.327 r      -10.790  (VIOLATED) mode_norm.fast.RCmin
   divisor_reg_47_/SI         24.310         13.528 r      -10.781  (VIOLATED) mode_norm.fast.RCmin
   count_reg_3_/SI            22.544         11.769 r      -10.775  (VIOLATED) mode_norm.fast.RCmin
   remainder_reg_58_/SI       24.824         14.051 r      -10.773  (VIOLATED) mode_norm.fast.RCmin
   neg_out_reg/SI             22.857         12.105 r      -10.751  (VIOLATED) mode_norm.fast.RCmin
   divisor_reg_5_/SI          24.608         13.864 r      -10.743  (VIOLATED) mode_norm.fast.RCmin
   remainder_reg_26_/SI       23.340         12.599 r      -10.741  (VIOLATED) mode_norm.fast.RCmin
   remainder_reg_114_/SI      24.305         13.574 r      -10.730  (VIOLATED) mode_norm.fast.RCmin
   remainder_reg_64_/SI       25.580         14.858 r      -10.722  (VIOLATED) mode_norm.fast.RCmin
   isHi_reg/SI                23.278         12.571 r      -10.707  (VIOLATED) mode_norm.fast.RCmin
   divisor_reg_1_/SI          23.182         12.499 r      -10.683  (VIOLATED) mode_norm.fast.RCmin
   count_reg_6_/SI            22.579         11.898 r      -10.681  (VIOLATED) mode_norm.fast.RCmin
   divisor_reg_57_/SI         24.701         14.096 r      -10.605  (VIOLATED) mode_norm.fast.RCmin
   remainder_reg_113_/SI      21.910         11.344 r      -10.566  (VIOLATED) mode_norm.fast.RCmin
   divisor_reg_53_/SI         25.011         14.469 r      -10.542  (VIOLATED) mode_norm.fast.RCmin
   divisor_reg_39_/SI         24.907         14.389 r      -10.519  (VIOLATED) mode_norm.fast.RCmin
   req_tag_reg_1_/SI          21.415         10.907 r      -10.508  (VIOLATED) mode_norm.fast.RCmin
   req_tag_reg_2_/SI          21.583         11.111 r      -10.472  (VIOLATED) mode_norm.fast.RCmin
   req_tag_reg_4_/SI          21.472         11.004 r      -10.468  (VIOLATED) mode_norm.fast.RCmin
   remainder_reg_71_/SI       22.006         11.539 r      -10.467  (VIOLATED) mode_norm.fast.RCmin
   req_tag_reg_0_/SI          21.566         11.129 r      -10.437  (VIOLATED) mode_norm.fast.RCmin
   remainder_reg_25_/SI       22.888         12.551 r      -10.337  (VIOLATED) mode_norm.fast.RCmin
   req_dw_reg/SI              22.507         12.267 r      -10.240  (VIOLATED) mode_norm.fast.RCmin
   remainder_reg_70_/SI       25.285         15.047 r      -10.237  (VIOLATED) mode_norm.fast.RCmin
   remainder_reg_128_/SI      20.013          9.787 r      -10.226  (VIOLATED) mode_norm.fast.RCmin
   count_reg_5_/SI            19.889          9.694 r      -10.195  (VIOLATED) mode_norm.fast.RCmin
   remainder_reg_31_/SI       24.632         14.495 r      -10.137  (VIOLATED) mode_norm.fast.RCmin
   remainder_reg_99_/SI       24.778         14.809 r       -9.968  (VIOLATED) mode_norm.fast.RCmin
   clk_gate_divisor_reg/latch/E   20.892     16.026 f       -4.866  (VIOLATED) mode_norm.fast.RCmin
   count_reg_4_/D             20.544         18.224 r       -2.320  (VIOLATED) mode_norm.fast.RCmin
   neg_out_reg/D              20.732         18.788 f       -1.944  (VIOLATED) mode_norm.fast.RCmin
   count_reg_6_/D             20.756         19.630 f       -1.126  (VIOLATED) mode_norm.fast.RCmin
   clk_gate_remainder_reg/latch/E   19.779   18.669 r       -1.110  (VIOLATED) mode_norm.fast.RCmin


1
