****************************************
Report : Data Mismatches
Version: P-2019.03-SP1
Date   : Fri Oct  4 16:41:58 2019
****************************************
No mismatches exist on the design.
1
****************************************
Report : SCANDEF check
Design : MulDiv
Version: P-2019.03-SP1
Date   : Fri Oct  4 16:41:58 2019
****************************************
  Checking between SCANDEF file and design:

  Total PARTITION group count: 1
  Total SCANCHAINS checked: 1
  VALIDATED :  1
  FAILED    :  0

  Chain name     Status    #cells    #bits     PARTITION      Scan in        Scan out
  1              V         213       213       clock_45_45_0.720000 test_si  req_tag_reg_4_/SI
1
NEX: 5965 nets
NEX: 99.98%(5964/5965) nets are valid placed

Histogram of "num of nodes per net"
  value: 	percent%
     1: 	0.0% 
     2: 	65.2% (peak)
     3: 	18.1% 
     4: 	4.9% 
     5: 	7.1% (average = 5) 
    10: 	3.4% 
    20: 	1.3% 
    40: 	0.0% 
    1000: 	0.0% 


Histogram of "net bbox size(um)"
  value: 	percent%
   0.00: 	0.7% 
   0.50: 	10.8% 
   1.00: 	42.0% (peak)
   2.00: 	13.8% 
   3.00: 	6.4% 
   4.00: 	4.7% (average = 4.1) 
   5.00: 	11.2% 
   10.00: 	8.0% 
   20.00: 	1.9% 
   40.00: 	0.5% 


Histogram of "net bbox aspect()"
  value: 	percent%
   0.00: 	0.0% 
   1.00: 	13.9% (peak)
   1.10: 	10.9% 
   1.20: 	8.4% 
   1.30: 	7.6% 
   1.40: 	6.7% 
   1.50: 	5.9% 
   1.60: 	5.3% 
   1.70: 	5.4% 
   1.80: 	4.1% 
   1.90: 	3.2% 
   2.00: 	10.6% (average = 2.0) 
   2.50: 	5.3% 
   3.00: 	5.5% 
   4.00: 	2.6% 
   5.00: 	3.5% 
   10.00: 	0.8% 
   20.00: 	0.0% 

NEX: 5515 insts

Histogram of "inst bbox size(um)"
  value: 	percent%
   0.50: 	90.6% (average = 0.9) (peak)
   1.00: 	9.4% 

NEX: 1 NDR rules: 
  [0] default_rule_equivalent_ndr_double_spacing
1
Turn off antenna since no rule is specified
Cell Min-Routing-Layer = M1
Cell Max-Routing-Layer = MSMG5
Skipping 1 internal pins that are not physical. Set route.common.verbose_level to > 0 and run routing command to get skipped pin names.
Info: number of net_type_blockage: 0 
Printing options for 'route.common.*'
common.debug_remove_extension_floating_shapes           :	 false               

Printing options for 'route.detail.*'
detail.antenna                                          :	 true                
detail.eco_max_number_of_iterations                     :	 10                  
detail.force_end_on_preferred_grid                      :	 true                
detail.timing_driven                                    :	 true                

Printing options for 'route.auto_via_ladder.*'

Warning: The check_routability command uses a single CPU process; ignoring the set_host_options -max_cores setting of 8. (ZRT-520)

============================================
==  Check for overlap of standard cells   ==
============================================

>>>>>> No overlap of standard cells found

============================================
==     Check for min-grid violations      ==
============================================

>>>>>> No min-grid violations found


============================================
==    Check for out-of-boundary ports     ==
============================================

>>>>>> No out-of-boundary error found

============================================
==        Check for blocked ports         ==
============================================

>>>>>> No blocked ports found

>>>>>> No blocked nets found

============================================
==     Check for shielding violations     ==
============================================

>>>>>> The following Non-PG net has a shape with shape_use shield_route

>>> No non-PG net has a shape with shape_use shield_route.

>>>>>> The following PG net has shape with shape_use detail_route and shape length is too long.

>>> No PG net has shape with shape_use detail_route and shape length is too long.

>>>>>> The following nets with shield non-default rule has no internal data representation in Zroute.

>>> No nets with shield non-default rule has no internal data representation in Zroute.

============================================
==     Check for via cut blockage violation   ==
============================================

>>>>>> The following via cut blockages are wrongly treated as real vias.

>>> No via cut blockage is wrongly treated as real via.

============================================
==     Check for custom via definition    ==
============================================

>>> No custom via definition has too many cuts

============================================
==          Check for via master          ==
============================================

>>> The total number of via master definition is 180

===============================================
==     Check non-default rule setting        ==
===============================================

>>> No NDR width is larger than signalRouteMaxWidth

>>> No NDR shield width is larger than signalRouteMaxWidth

======================================================
==     Check redundant duplicated PG shapes         ==
======================================================

>>> No redundant duplicated PG shapes overlap with each other.

End of check_routability
1
