****************************************
Report : Data Mismatches
Version: P-2019.03-SP1
Date   : Thu Sep 26 15:39:52 2019
****************************************
No mismatches exist on the design.
1
****************************************
Report : SCANDEF check
Design : CORTEXM0DS
Version: P-2019.03-SP1
Date   : Thu Sep 26 15:39:52 2019
****************************************
  Checking between SCANDEF file and design:

  Total PARTITION group count: 1
  Total SCANCHAINS checked: 1
  VALIDATED :  1
  FAILED    :  0

  Chain name     Status    #cells    #bits     PARTITION      Scan in        Scan out
  1              V         840       840       HCLK_45_45_0.720000 test_si   u_logic_Ypi3z4_reg/SI
1
Information: There are no relative placement groups in the design. (NDMUI-173)
1
1
