 
****************************************
Report : area
Design : MyDesign
Version: K-2015.06-SP1
Date   : Sat Nov 24 17:07:05 2018
****************************************

Library(s) Used:

    NangateOpenCellLibrary_PDKv1_2_v2008_10_slow_nldm (File: /afs/eos.ncsu.edu/lockers/research/ece/wdavis/tech/nangate/NangateOpenCellLibrary_PDKv1_2_v2008_10/liberty/520/NangateOpenCellLibrary_PDKv1_2_v2008_10_slow_nldm.db)

Number of ports:                         1235
Number of nets:                         12737
Number of cells:                        10302
Number of combinational cells:           8680
Number of sequential cells:              1610
Number of macros/black boxes:               0
Number of buf/inv:                        771
Number of references:                      73

Combinational area:               9747.037895
Buf/Inv area:                      422.940004
Noncombinational area:            8049.426096
Macro/Black Box area:                0.000000
Net Interconnect area:      undefined  (No wire load specified)

Total cell area:                 17796.463991
Total area:                 undefined

Hierarchical area distribution
------------------------------

                                  Global cell area           Local cell area
                                  -------------------  ---------------------------- 
Hierarchical cell                 Absolute    Percent  Combi-     Noncombi-  Black-
                                  Total       Total    national   national   boxes   Design
--------------------------------  ----------  -------  ---------  ---------  ------  --------------------
MyDesign                          17796.4640    100.0  7137.3119  8049.4261  0.0000  MyDesign
add_0_root_add_0_root_h_add_107     232.7500      1.3   232.7500     0.0000  0.0000  MyDesign_DW01_add_40
add_0_root_add_0_root_h_add_133_4   239.6660      1.3   239.6660     0.0000  0.0000  MyDesign_DW01_add_39
add_0_root_add_0_root_w_add_81_3    246.0500      1.4   246.0500     0.0000  0.0000  MyDesign_DW01_add_43
add_1_root_add_0_root_h_add_107     213.3320      1.2   213.3320     0.0000  0.0000  MyDesign_DW01_add_35
add_1_root_add_0_root_h_add_133_4   274.5120      1.5   274.5120     0.0000  0.0000  MyDesign_DW01_add_28
add_1_root_add_0_root_w_add_81_3    264.6700      1.5   264.6700     0.0000  0.0000  MyDesign_DW01_add_42
add_2_root_add_0_root_h_add_133_4   219.1840      1.2   219.1840     0.0000  0.0000  MyDesign_DW01_add_36
add_2_root_add_0_root_w_add_81_3    208.2780      1.2   208.2780     0.0000  0.0000  MyDesign_DW01_add_34
add_3_root_add_0_root_h_add_133_4   254.5620      1.4   254.5620     0.0000  0.0000  MyDesign_DW01_add_37
control_add_160_S2                   19.6840      0.1    19.6840     0.0000  0.0000  MyDesign_DW01_inc_2
h_add_103                           232.4840      1.3   232.4840     0.0000  0.0000  MyDesign_DW01_add_41
h_add_125_S2                        204.5540      1.1   204.5540     0.0000  0.0000  MyDesign_DW01_add_33
--------------------------------  ----------  -------  ---------  ---------  ------  --------------------
Total                                                  9747.0379  8049.4261  0.0000

1
