===== 506 Personal information =====
Name:            Zhiping Wang
UnityID:         zwang79
ECE492 Students? NO
===== 506 SMP Simulator configuration =====
L1_SIZE: 524288
L1_ASSOC: 8
L1_BLOCKSIZE: 64
NUMBER OF PROCESSORS: 4
COHERENCE PROTOCOL: Dragon
TRACE FILE: trace/canneal.04t.longTrace
============ Simulation results (Cache 0) ============
01. number of reads:				112661
02. number of read misses:			5601
03. number of writes:				11942
04. number of write misses:			3
05. total miss rate:				4.5%
06. number of writebacks:			128
07. number of cache-to-cache transfers:		0
08. number of memory transactions:		5732
09. number of interventions:			1400
10. number of invalidations:			0
11. number of flushes:				3
12. number of BusRdX:				0
============ Simulation results (Cache 1) ============
01. number of reads:				110830
02. number of read misses:			5610
03. number of writes:				11710
04. number of write misses:			2
05. total miss rate:				4.58%
06. number of writebacks:			127
07. number of cache-to-cache transfers:		0
08. number of memory transactions:		5739
09. number of interventions:			1388
10. number of invalidations:			0
11. number of flushes:				9
12. number of BusRdX:				0
============ Simulation results (Cache 2) ============
01. number of reads:				114938
02. number of read misses:			5610
03. number of writes:				12383
04. number of write misses:			2
05. total miss rate:				4.41%
06. number of writebacks:			135
07. number of cache-to-cache transfers:		0
08. number of memory transactions:		5747
09. number of interventions:			1389
10. number of invalidations:			0
11. number of flushes:				6
12. number of BusRdX:				0
============ Simulation results (Cache 3) ============
01. number of reads:				113428
02. number of read misses:			5617
03. number of writes:				12108
04. number of write misses:			0
05. total miss rate:				4.47%
06. number of writebacks:			141
07. number of cache-to-cache transfers:		0
08. number of memory transactions:		5758
09. number of interventions:			1418
10. number of invalidations:			0
11. number of flushes:				6
12. number of BusRdX:				0
