===== 506 Personal information =====
Name:            Zhiping Wang
UnityID:         zwang79
ECE492 Students? NO
===== 506 SMP Simulator configuration =====
L1_SIZE: 524288
L1_ASSOC: 8
L1_BLOCKSIZE: 64
NUMBER OF PROCESSORS: 4
COHERENCE PROTOCOL: MSI
TRACE FILE: trace/canneal.04t.longTrace
============ Simulation results (Cache 0) ============
01. number of reads:				112661
02. number of read misses:			5757
03. number of writes:				11942
04. number of write misses:			39
05. total miss rate:				4.65%
06. number of writebacks:			190
07. number of cache-to-cache transfers:		0
08. number of memory transactions:		6663
09. number of interventions:			71
10. number of invalidations:			2014
11. number of flushes:				116
12. number of BusRdX:				716
============ Simulation results (Cache 1) ============
01. number of reads:				110830
02. number of read misses:			5792
03. number of writes:				11710
04. number of write misses:			41
05. total miss rate:				4.76%
06. number of writebacks:			170
07. number of cache-to-cache transfers:		0
08. number of memory transactions:		6662
09. number of interventions:			47
10. number of invalidations:			2034
11. number of flushes:				92
12. number of BusRdX:				700
============ Simulation results (Cache 2) ============
01. number of reads:				114938
02. number of read misses:			5756
03. number of writes:				12383
04. number of write misses:			42
05. total miss rate:				4.55%
06. number of writebacks:			205
07. number of cache-to-cache transfers:		0
08. number of memory transactions:		6686
09. number of interventions:			82
10. number of invalidations:			2008
11. number of flushes:				121
12. number of BusRdX:				725
============ Simulation results (Cache 3) ============
01. number of reads:				113428
02. number of read misses:			5796
03. number of writes:				12108
04. number of write misses:			39
05. total miss rate:				4.65%
06. number of writebacks:			171
07. number of cache-to-cache transfers:		0
08. number of memory transactions:		6681
09. number of interventions:			63
10. number of invalidations:			2020
11. number of flushes:				88
12. number of BusRdX:				714
