===== 506 Personal information =====
Name:            Zhiping Wang
UnityID:         zwang79
ECE492 Students? NO
===== 506 SMP Simulator configuration =====
L1_SIZE: 1048576
L1_ASSOC: 8
L1_BLOCKSIZE: 128
NUMBER OF PROCESSORS: 4
COHERENCE PROTOCOL: MSI
TRACE FILE: trace/canneal.04t.longTrace
============ Simulation results (Cache 0) ============
01. number of reads:				112661
02. number of read misses:			5340
03. number of writes:				11942
04. number of write misses:			39
05. total miss rate:				4.32%
06. number of writebacks:			275
07. number of cache-to-cache transfers:		0
08. number of memory transactions:		6344
09. number of interventions:			119
10. number of invalidations:			2066
11. number of flushes:				164
12. number of BusRdX:				729
============ Simulation results (Cache 1) ============
01. number of reads:				110830
02. number of read misses:			5386
03. number of writes:				11710
04. number of write misses:			40
05. total miss rate:				4.43%
06. number of writebacks:			250
07. number of cache-to-cache transfers:		0
08. number of memory transactions:		6347
09. number of interventions:			84
10. number of invalidations:			2089
11. number of flushes:				129
12. number of BusRdX:				711
============ Simulation results (Cache 2) ============
01. number of reads:				114938
02. number of read misses:			5341
03. number of writes:				12383
04. number of write misses:			42
05. total miss rate:				4.23%
06. number of writebacks:			283
07. number of cache-to-cache transfers:		0
08. number of memory transactions:		6369
09. number of interventions:			127
10. number of invalidations:			2053
11. number of flushes:				166
12. number of BusRdX:				745
============ Simulation results (Cache 3) ============
01. number of reads:				113428
02. number of read misses:			5384
03. number of writes:				12108
04. number of write misses:			39
05. total miss rate:				4.32%
06. number of writebacks:			269
07. number of cache-to-cache transfers:		0
08. number of memory transactions:		6386
09. number of interventions:			110
10. number of invalidations:			2068
11. number of flushes:				135
12. number of BusRdX:				733
