 
****************************************
Report : area
Design : CORTEXM0DS
Version: P-2019.03-SP1
Date   : Thu Sep 26 23:25:15 2019
****************************************

Library(s) Used:

    NanGate_15nm_OCL (File: /afs/eos.ncsu.edu/lockers/research/ece/wdavis/tech/nangate/NanGate_15nm_OCL_v0.1_2014_06.A/front_end/timing_power_noise/CCS/NanGate_15nm_OCL_slow_conditional_ccs.db)

Number of ports:                          282
Number of nets:                          7552
Number of cells:                         7378
Number of combinational cells:           6458
Number of sequential cells:               877
Number of macros/black boxes:               0
Number of buf/inv:                       1342
Number of references:                      72

Combinational area:               1637.597215
Buf/Inv area:                      203.538438
Noncombinational area:            1394.196440
Macro/Black Box area:                0.000000
Net Interconnect area:      undefined  (No wire load specified)

Total cell area:                  3031.793655
Total area:                 undefined

Core Area:                      4992
Aspect Ratio:                 1.0000
Utilization Ratio:            0.5825


The above information was reported from the logical library. The following are from the physical library:

  Total moveable cell area: 2907.8
  Total fixed cell area: 0.0
  Total physical cell area: 2907.8
 Core area: 0.000, 0.000, 70.656, 70.656
1
