 
****************************************
Report : Scan path
Design : CORTEXM0DS
Version: P-2019.03-SP1
Date   : Thu Sep 26 23:25:06 2019
****************************************

========================================
TEST MODE: Internal_scan
VIEW     : Specification
========================================
No scan path defined in this mode.

 
****************************************
Report : Scan path
Design : CORTEXM0DS
Version: P-2019.03-SP1
Date   : Thu Sep 26 23:25:06 2019
****************************************

========================================
TEST MODE: Internal_scan
VIEW     : Existing DFT
========================================

========================================
AS SPECIFIED BY USER
========================================


========================================
AS BUILT BY insert_dft
========================================

Scan_path    Len   ScanDataIn  ScanDataOut ScanEnable  MasterClock SlaveClock
-----------  ----- ----------- ----------- ----------- ----------- -----------
I 1          841   test_si     SYSRESETREQ test_se     HCLK        -

========================================
TEST MODE: Internal_scan
VIEW     : Existing DFT
========================================

========================================
AS SPECIFIED BY USER
========================================


========================================
AS BUILT BY insert_dft
========================================

Scan_path     Cell_#    Instance_name            Clocks
---------     ------    -------------            ------
I 1           0         u_logic_Rd53z4_reg       HCLK 
              1         u_logic_Nf03z4_reg
              2         u_logic_T253z4_reg
              3         u_logic_Mi13z4_reg
              4         u_logic_Hc13z4_reg
              5         u_logic_Ql13z4_reg
              6         u_logic_I443z4_reg
              7         u_logic_Sa13z4_reg
              8         u_logic_Kig3z4_reg
              9         u_logic_Kf23z4_reg
              10        u_logic_Fre3z4_reg
              11        u_logic_Cy43z4_reg
              12        u_logic_Wnv2z4_reg
              13        u_logic_Neu2z4_reg
              14        u_logic_F483z4_reg
              15        u_logic_Q2q2z4_reg
              16        u_logic_B1q2z4_reg
              17        u_logic_Sgp2z4_reg
              18        u_logic_No93z4_reg
              19        u_logic_Fi93z4_reg
              20        u_logic_T583z4_reg
              21        u_logic_Iwp2z4_reg
              22        u_logic_U4z2z4_reg
              23        u_logic_Jw93z4_reg
              24        u_logic_Cqo2z4_reg
              25        u_logic_Efp2z4_reg
              26        u_logic_Y8q2z4_reg
              27        u_logic_G1s2z4_reg
              28        u_logic_Szr2z4_reg
              29        u_logic_J7q2z4_reg
              30        u_logic_Q7j2z4_reg
              31        u_logic_S8k2z4_reg
              32        u_logic_Zfh3z4_reg
              33        u_logic_Lgi3z4_reg
              34        u_logic_Llq2z4_reg
              35        u_logic_L7p2z4_reg
              36        u_logic_H4p2z4_reg
              37        u_logic_W5p2z4_reg
              38        u_logic_Hak2z4_reg
              39        u_logic_I793z4_reg
              40        u_logic_Tzg3z4_reg
              41        u_logic_U593z4_reg
              42        u_logic_Dkr2z4_reg
              43        u_logic_Ohh3z4_reg
              44        u_logic_Xx93z4_reg
              45        u_logic_Rhi2z4_reg
              46        u_logic_Ovc3z4_reg
              47        u_logic_V1l2z4_reg
              48        u_logic_Po83z4_reg
              49        u_logic_T9v2z4_reg
              50        u_logic_H783z4_reg
              51        u_logic_Y1u2z4_reg
              52        u_logic_Yb93z4_reg
              53        u_logic_Hbv2z4_reg
              54        u_logic_Rr73z4_reg
              55        u_logic_R283z4_reg
              56        u_logic_Po73z4_reg
              57        u_logic_Dq73z4_reg
              58        u_logic_Slr2z4_reg
              59        u_logic_Gmm2z4_reg
              60        u_logic_Ii63z4_reg
              61        u_logic_Unm2z4_reg
              62        u_logic_Psv2z4_reg
              63        u_logic_Duu2z4_reg
              64        u_logic_Psu2z4_reg
              65        u_logic_Fwj2z4_reg
              66        u_logic_Ym93z4_reg
              67        u_logic_Txj2z4_reg
              68        u_logic_Vu93z4_reg
              69        u_logic_Yfn2z4_reg
              70        u_logic_Ukt2z4_reg
              71        u_logic_Dtj2z4_reg
              72        u_logic_Mhn2z4_reg
              73        u_logic_Gf73z4_reg
              74        u_logic_Ug63z4_reg
              75        u_logic_Ejm2z4_reg
              76        u_logic_Imt2z4_reg
              77        u_logic_Rvu2z4_reg
              78        u_logic_G493z4_reg
              79        u_logic_It63z4_reg
              80        u_logic_Ajn2z4_reg
              81        u_logic_Ruj2z4_reg
              82        u_logic_T0m2z4_reg
              83        u_logic_V3m2z4_reg
              84        u_logic_Yx63z4_reg
              85        u_logic_Psn2z4_reg
              86        u_logic_Kw63z4_reg
              87        u_logic_Ohv2z4_reg
              88        u_logic_Arn2z4_reg
              89        u_logic_Duv2z4_reg
              90        u_logic_F473z4_reg
              91        u_logic_K0u2z4_reg
              92        u_logic_Ka93z4_reg
              93        u_logic_U2s2z4_reg
              94        u_logic_F8u2z4_reg
              95        u_logic_Skm2z4_reg
              96        u_logic_Ksm2z4_reg
              97        u_logic_R6v2z4_reg
              98        u_logic_Ixt2z4_reg
              99        u_logic_Rr83z4_reg
              100       u_logic_Wqm2z4_reg
              101       u_logic_Ipm2z4_reg
              102       u_logic_Gf63z4_reg
              103       u_logic_Grl2z4_reg
              104       u_logic_Spl2z4_reg
              105       u_logic_Gju2z4_reg
              106       u_logic_Gjt2z4_reg
              107       u_logic_Hpd3z4_reg
              108       u_logic_Asr2z4_reg
              109       u_logic_Qyc3z4_reg
              110       u_logic_Otr2z4_reg
              111       u_logic_Ii73z4_reg
              112       u_logic_Cxc3z4_reg
              113       u_logic_Cvr2z4_reg
              114       u_logic_Eol2z4_reg
              115       u_logic_Wqd3z4_reg
              116       u_logic_Rvv2z4_reg
              117       u_logic_Ll83z4_reg
              118       u_logic_Cc73z4_reg
              119       u_logic_I0e3z4_reg
              120       u_logic_Lpv2z4_reg
              121       u_logic_Imu2z4_reg
              122       u_logic_X1e3z4_reg
              123       u_logic_Lsd3z4_reg
              124       u_logic_Snd3z4_reg
              125       u_logic_M3e3z4_reg
              126       u_logic_Rr93z4_reg
              127       u_logic_Gcr2z4_reg
              128       u_logic_E0d3z4_reg
              129       u_logic_Ccq2z4_reg
              130       u_logic_Vdr2z4_reg
              131       u_logic_Cgu2z4_reg
              132       u_logic_Qg93z4_reg
              133       u_logic_Zb83z4_reg
              134       u_logic_Q273z4_reg
              135       u_logic_Kfr2z4_reg
              136       u_logic_W5s2z4_reg
              137       u_logic_I4s2z4_reg
              138       u_logic_Rd73z4_reg
              139       u_logic_Rhu2z4_reg
              140       u_logic_S2r2z4_reg
              141       u_logic_E1r2z4_reg
              142       u_logic_G4r2z4_reg
              143       u_logic_H2m2z4_reg
              144       u_logic_Eun2z4_reg
              145       u_logic_Gip2z4_reg
              146       u_logic_Y873z4_reg
              147       u_logic_Wu63z4_reg
              148       u_logic_Wyt2z4_reg
              149       u_logic_F8v2z4_reg
              150       u_logic_Ycu2z4_reg
              151       u_logic_Mzp2z4_reg
              152       u_logic_Yaz2z4_reg
              153       u_logic_Svk2z4_reg
              154       u_logic_Rni2z4_reg
              155       u_logic_Sjj2z4_reg
              156       u_logic_Fgm2z4_reg
              157       u_logic_T1d3z4_reg
              158       u_logic_H3d3z4_reg
              159       u_logic_Wzy2z4_reg
              160       u_logic_E913z4_reg
              161       u_logic_Kc03z4_reg
              162       u_logic_Qwr2z4_reg
              163       u_logic_Hq23z4_reg
              164       u_logic_Yg13z4_reg
              165       u_logic_Wmp2z4_reg
              166       u_logic_Z853z4_reg
              167       u_logic_Eyr2z4_reg
              168       u_logic_Yg23z4_reg
              169       u_logic_Qz43z4_reg
              170       u_logic_Tse3z4_reg
              171       u_logic_Rpe3z4_reg
              172       u_logic_Hue3z4_reg
              173       u_logic_B613z4_reg
              174       u_logic_I463z4_reg
              175       u_logic_L763z4_reg
              176       u_logic_To33z4_reg
              177       u_logic_Z863z4_reg
              178       u_logic_Yj43z4_reg
              179       u_logic_Cn43z4_reg
              180       u_logic_Ro43z4_reg
              181       u_logic_Pvd3z4_reg
              182       u_logic_Dcs2z4_reg
              183       u_logic_Hq33z4_reg
              184       u_logic_Zu33z4_reg
              185       u_logic_Pfz2z4_reg
              186       u_logic_Kt33z4_reg
              187       u_logic_Eif3z4_reg
              188       u_logic_Yd03z4_reg
              189       u_logic_E153z4_reg
              190       u_logic_Cq93z4_reg
              191       u_logic_K7s2z4_reg
              192       u_logic_Lqr2z4_reg
              193       u_logic_Na73z4_reg
              194       u_logic_Cc63z4_reg
              195       u_logic_F9j2z4_reg
              196       u_logic_Arv2z4_reg
              197       u_logic_W893z4_reg
              198       u_logic_Ujp2z4_reg
              199       u_logic_An83z4_reg
              200       u_logic_Gt93z4_reg
              201       u_logic_Od83z4_reg
              202       u_logic_Qml2z4_reg
              203       u_logic_Oas2z4_reg
              204       u_logic_Uku2z4_reg
              205       u_logic_Ug73z4_reg
              206       u_logic_Dq83z4_reg
              207       u_logic_Yx73z4_reg
              208       u_logic_Po63z4_reg
              209       u_logic_Z3k2z4_reg
              210       u_logic_Isi2z4_reg
              211       u_logic_Kiq2z4_reg
              212       u_logic_R293z4_reg
              213       u_logic_C5v2z4_reg
              214       u_logic_Vmj2z4_reg
              215       u_logic_Djh3z4_reg
              216       u_logic_Ehz2z4_reg
              217       u_logic_X2j2z4_reg
              218       u_logic_Rek2z4_reg
              219       u_logic_Bk13z4_reg
              220       u_logic_Euh3z4_reg
              221       u_logic_Wo03z4_reg
              222       u_logic_M743z4_reg
              223       u_logic_Ug43z4_reg
              224       u_logic_Cy13z4_reg
              225       u_logic_C5n2z4_reg
              226       u_logic_D1p2z4_reg
              227       u_logic_Avg3z4_reg
              228       u_logic_Pwg3z4_reg
              229       u_logic_Ilf3z4_reg
              230       u_logic_Olg3z4_reg
              231       u_logic_Mi23z4_reg
              232       u_logic_Tvh3z4_reg
              233       u_logic_Ixh3z4_reg
              234       u_logic_Hc23z4_reg
              235       u_logic_Rds2z4_reg
              236       u_logic_X553z4_reg
              237       u_logic_Wd23z4_reg
              238       u_logic_Knz2z4_reg
              239       u_logic_Cmn2z4_reg
              240       u_logic_Okn2z4_reg
              241       u_logic_Ek03z4_reg
              242       u_logic_Qz33z4_reg
              243       u_logic_Ow33z4_reg
              244       u_logic_Ch03z4_reg
              245       u_logic_Gf43z4_reg
              246       u_logic_M1j2z4_reg
              247       u_logic_Cy33z4_reg
              248       u_logic_L8m2z4_reg
              249       u_logic_Qfa3z4_reg
              250       u_logic_B2i3z4_reg
              251       u_logic_Bec3z4_reg
              252       u_logic_Qfc3z4_reg
              253       u_logic_Uic3z4_reg
              254       u_logic_Ztc3z4_reg
              255       u_logic_R0t2z4_reg
              256       u_logic_Adt2z4_reg
              257       u_logic_Nnc3z4_reg
              258       u_logic_D4g3z4_reg
              259       u_logic_N7c3z4_reg
              260       u_logic_Jsc3z4_reg
              261       u_logic_Ipn2z4_reg
              262       u_logic_T7d3z4_reg
              263       u_logic_B1a3z4_reg
              264       u_logic_P2a3z4_reg
              265       u_logic_Hzj2z4_reg
              266       u_logic_Uyv2z4_reg
              267       u_logic_Kyi2z4_reg
              268       u_logic_Owq2z4_reg
              269       u_logic_Ydw2z4_reg
              270       u_logic_Qlw2z4_reg
              271       u_logic_Ckw2z4_reg
              272       u_logic_Byw2z4_reg
              273       u_logic_Urw2z4_reg
              274       u_logic_Itw2z4_reg
              275       u_logic_Xuw2z4_reg
              276       u_logic_K6y2z4_reg
              277       u_logic_Y7y2z4_reg
              278       u_logic_M9y2z4_reg
              279       u_logic_Bby2z4_reg
              280       u_logic_Qcy2z4_reg
              281       u_logic_Bdm2z4_reg
              282       u_logic_W4y2z4_reg
              283       u_logic_Mww2z4_reg
              284       u_logic_Sow2z4_reg
              285       u_logic_Enw2z4_reg
              286       u_logic_I3y2z4_reg
              287       u_logic_Lhd3z4_reg
              288       u_logic_Qrp2z4_reg
              289       u_logic_Bjd3z4_reg
              290       u_logic_Aqp2z4_reg
              291       u_logic_X9n2z4_reg
              292       u_logic_Uqi2z4_reg
              293       u_logic_F0y2z4_reg
              294       u_logic_Oiw2z4_reg
              295       u_logic_Gtp2z4_reg
              296       u_logic_Dwl2z4_reg
              297       u_logic_Mfw2z4_reg
              298       u_logic_Ahw2z4_reg
              299       u_logic_Ufy2z4_reg
              300       u_logic_Gqw2z4_reg
              301       u_logic_Fey2z4_reg
              302       u_logic_Swy2z4_reg
              303       u_logic_Zoy2z4_reg
              304       u_logic_Pty2z4_reg
              305       u_logic_Dvy2z4_reg
              306       u_logic_Hyy2z4_reg
              307       u_logic_Bsy2z4_reg
              308       u_logic_H9i2z4_reg
              309       u_logic_Nqy2z4_reg
              310       u_logic_U2x2z4_reg
              311       u_logic_Sgj2z4_reg
              312       u_logic_Zcn2z4_reg
              313       u_logic_Fzl2z4_reg
              314       u_logic_Uup2z4_reg
              315       u_logic_Qzq2z4_reg
              316       u_logic_Auk2z4_reg
              317       u_logic_K1z2z4_reg
              318       u_logic_I2t2z4_reg
              319       u_logic_Viy2z4_reg
              320       u_logic_Lny2z4_reg
              321       u_logic_Qem2z4_reg
              322       u_logic_Jky2z4_reg
              323       u_logic_Qzw2z4_reg
              324       u_logic_F1x2z4_reg
              325       u_logic_T1y2z4_reg
              326       u_logic_Jcw2z4_reg
              327       u_logic_Xly2z4_reg
              328       u_logic_Yzi2z4_reg
              329       u_logic_Rxl2z4_reg
              330       u_logic_Qdj2z4_reg
              331       u_logic_L8t2z4_reg
              332       u_logic_Aii3z4_reg
              333       u_logic_Jhy2z4_reg
              334       u_logic_Lbn2z4_reg
              335       u_logic_U5x2z4_reg
              336       u_logic_I6w2z4_reg
              337       u_logic_Nbm2z4_reg
              338       u_logic_S4w2z4_reg
              339       u_logic_Y6t2z4_reg
              340       u_logic_Emi2z4_reg
              341       u_logic_O5t2z4_reg
              342       u_logic_Ark2z4_reg
              343       u_logic_Fij2z4_reg
              344       u_logic_Npk2z4_reg
              345       u_logic_Nen2z4_reg
              346       u_logic_Pet2z4_reg
              347       u_logic_Aok2z4_reg
              348       u_logic_Wai2z4_reg
              349       u_logic_Gji2z4_reg
              350       u_logic_Cam2z4_reg
              351       u_logic_Uaj2z4_reg
              352       u_logic_G9w2z4_reg
              353       u_logic_R1w2z4_reg
              354       u_logic_U7w2z4_reg
              355       u_logic_Ywi2z4_reg
              356       u_logic_Wbk2z4_reg
              357       u_logic_Mvi2z4_reg
              358       u_logic_G0w2z4_reg
              359       u_logic_Mjl2z4_reg
              360       u_logic_Trq2z4_reg
              361       u_logic_Tdp2z4_reg
              362       u_logic_Thm2z4_reg
              363       u_logic_Wxp2z4_reg
              364       u_logic_C3w2z4_reg
              365       u_logic_Y9t2z4_reg
              366       u_logic_Ffs2z4_reg
              367       u_logic_Lz93z4_reg
              368       u_logic_J6i2z4_reg
              369       u_logic_Kop2z4_reg
              370       u_logic_K3l2z4_reg
              371       u_logic_Jje3z4_reg
              372       u_logic_Qnn2z4_reg
              373       u_logic_Zad3z4_reg
              374       u_logic_J9d3z4_reg
              375       u_logic_Tib3z4_reg
              376       u_logic_Vgs2z4_reg
              377       u_logic_Tqs2z4_reg
              378       u_logic_Lns2z4_reg
              379       u_logic_Cps2z4_reg
              380       u_logic_Azs2z4_reg
              381       u_logic_Jxs2z4_reg
              382       u_logic_Q6l2z4_reg
              383       u_logic_Bus2z4_reg
              384       u_logic_G8n2z4_reg
              385       u_logic_Axm2z4_reg
              386       u_logic_Kss2z4_reg
              387       u_logic_Z4l2z4_reg
              388       u_logic_Mis2z4_reg
              389       u_logic_Dks2z4_reg
              390       u_logic_Svs2z4_reg
              391       u_logic_Gcb3z4_reg
              392       u_logic_Uls2z4_reg
              393       u_logic_Pab3z4_reg
              394       u_logic_Kkb3z4_reg
              395       u_logic_Usl2z4_reg
              396       u_logic_Vfd3z4_reg
              397       u_logic_Fed3z4_reg
              398       u_logic_H8l2z4_reg
              399       u_logic_Pcd3z4_reg
              400       u_logic_I6h3z4_reg
              401       u_logic_Bmb3z4_reg
              402       u_logic_Xdb3z4_reg
              403       u_logic_Lul2z4_reg
              404       u_logic_Q4h3z4_reg
              405       u_logic_O2c3z4_reg
              406       u_logic_Rym2z4_reg
              407       u_logic_Qsb3z4_reg
              408       u_logic_W8r2z4_reg
              409       u_logic_Gzb3z4_reg
              410       u_logic_X0c3z4_reg
              411       u_logic_W5c3z4_reg
              412       u_logic_Tqc3z4_reg
              413       u_logic_E9c3z4_reg
              414       u_logic_Ble3z4_reg
              415       u_logic_F4c3z4_reg
              416       u_logic_Oar2z4_reg
              417       u_logic_Rnb3z4_reg
              418       u_logic_Zqb3z4_reg
              419       u_logic_Lee3z4_reg
              420       u_logic_Gxk2z4_reg
              421       u_logic_Vve3z4_reg
              422       u_logic_Vac3z4_reg
              423       u_logic_Hub3z4_reg
              424       u_logic_Y9l2z4_reg
              425       u_logic_Wuq2z4_reg
              426       u_logic_Etq2z4_reg
              427       u_logic_Q0f3z4_reg
              428       u_logic_Yvb3z4_reg
              429       u_logic_C7f3z4_reg
              430       u_logic_T8f3z4_reg
              431       u_logic_U5a3z4_reg
              432       u_logic_Wia3z4_reg
              433       u_logic_Kxe3z4_reg
              434       u_logic_Pxb3z4_reg
              435       u_logic_W3f3z4_reg
              436       u_logic_Taa3z4_reg
              437       u_logic_Gha3z4_reg
              438       u_logic_Ipb3z4_reg
              439       u_logic_T5g3z4_reg
              440       u_logic_Nfb3z4_reg
              441       u_logic_Dpc3z4_reg
              442       u_logic_Aea3z4_reg
              443       u_logic_H2f3z4_reg
              444       u_logic_Mcc3z4_reg
              445       u_logic_Mbt2z4_reg
              446       u_logic_Ylc3z4_reg
              447       u_logic_S5b3z4_reg
              448       u_logic_Fhc3z4_reg
              449       u_logic_V3o2z4_reg
              450       u_logic_D4a3z4_reg
              451       u_logic_Tna3z4_reg
              452       u_logic_Jkc3z4_reg
              453       u_logic_Xyn2z4_reg
              454       u_logic_Gdo2z4_reg
              455       u_logic_C9a3z4_reg
              456       u_logic_Cma3z4_reg
              457       u_logic_L7a3z4_reg
              458       u_logic_Bge3z4_reg
              459       u_logic_Uei3z4_reg
              460       u_logic_C4b3z4_reg
              461       u_logic_F2o2z4_reg
              462       u_logic_Mka3z4_reg
              463       u_logic_J7b3z4_reg
              464       u_logic_Jca3z4_reg
              465       u_logic_Gza3z4_reg
              466       u_logic_W0b3z4_reg
              467       u_logic_Z8b3z4_reg
              468       u_logic_M2b3z4_reg
              469       u_logic_Qxa3z4_reg
              470       u_logic_Dhb3z4_reg
              471       u_logic_Aze3z4_reg
              472       u_logic_M5f3z4_reg
              473       u_logic_Zva3z4_reg
              474       u_logic_She3z4_reg
              475       u_logic_Iua3z4_reg
              476       u_logic_K7g3z4_reg
              477       u_logic_Rsa3z4_reg
              478       u_logic_O0o2z4_reg
              479       u_logic_Xeo2z4_reg
              480       u_logic_S3i3z4_reg
              481       u_logic_Ara3z4_reg
              482       u_logic_Jpa3z4_reg
              483       u_logic_Ogo2z4_reg
              484       u_logic_I1h3z4_reg
              485       u_logic_Ieh3z4_reg
              486       u_logic_Ey03z4_reg
              487       u_logic_Qa43z4_reg
              488       u_logic_Qi03z4_reg
              489       u_logic_Bv03z4_reg
              490       u_logic_J5m2z4_reg
              491       u_logic_Cll2z4_reg
              492       u_logic_Ow43z4_reg
              493       u_logic_Q713z4_reg
              494       u_logic_Mcz2z4_reg
              495       u_logic_Ow13z4_reg
              496       u_logic_X6m2z4_reg
              497       u_logic_Ytm2z4_reg
              498       u_logic_Nl43z4_reg
              499       u_logic_Tvn2z4_reg
              500       u_logic_Ixn2z4_reg
              501       u_logic_Yr13z4_reg
              502       u_logic_Mvm2z4_reg
              503       u_logic_Lq03z4_reg
              504       u_logic_Wlz2z4_reg
              505       u_logic_Kf13z4_reg
              506       u_logic_To23z4_reg
              507       u_logic_Hyz2z4_reg
              508       u_logic_L753z4_reg
              509       u_logic_Rtz2z4_reg
              510       u_logic_V223z4_reg
              511       u_logic_I7r2z4_reg
              512       u_logic_Nt03z4_reg
              513       u_logic_Ddi3z4_reg
              514       u_logic_Z2h3z4_reg
              515       u_logic_F4q2z4_reg
              516       u_logic_U5r2z4_reg
              517       u_logic_Av13z4_reg
              518       u_logic_Twz2z4_reg
              519       u_logic_U5q2z4_reg
              520       u_logic_K103z4_reg
              521       u_logic_Xg33z4_reg
              522       u_logic_Ec33z4_reg
              523       u_logic_Wu53z4_reg
              524       u_logic_Zj53z4_reg
              525       u_logic_H133z4_reg
              526       u_logic_Po53z4_reg
              527       u_logic_X533z4_reg
              528       u_logic_Ikz2z4_reg
              529       u_logic_Fn23z4_reg
              530       u_logic_Fn33z4_reg
              531       u_logic_Wd13z4_reg
              532       u_logic_Wa03z4_reg
              533       u_logic_X563z4_reg
              534       u_logic_J433z4_reg
              535       u_logic_Ibe3z4_reg
              536       u_logic_Ql33z4_reg
              537       u_logic_H903z4_reg
              538       u_logic_Zu43z4_reg
              539       u_logic_Nl53z4_reg
              540       u_logic_O2g3z4_reg
              541       u_logic_Mi33z4_reg
              542       u_logic_Ilp2z4_reg
              543       u_logic_Bn53z4_reg
              544       u_logic_Pz53z4_reg
              545       u_logic_X213z4_reg
              546       u_logic_O723z4_reg
              547       u_logic_Gq43z4_reg
              548       u_logic_D603z4_reg
              549       u_logic_Sd43z4_reg
              550       u_logic_Ec43z4_reg
              551       u_logic_Mt13z4_reg
              552       u_logic_Fvz2z4_reg
              553       u_logic_E163z4_reg
              554       u_logic_Zr03z4_reg
              555       u_logic_Vr43z4_reg
              556       u_logic_D923z4_reg
              557       u_logic_Kzf3z4_reg
              558       u_logic_Z0g3z4_reg
              559       u_logic_Vxf3z4_reg
              560       u_logic_Zgr2z4_reg
              561       u_logic_S703z4_reg
              562       u_logic_Q6e3z4_reg
              563       u_logic_Ji43z4_reg
              564       u_logic_Bk33z4_reg
              565       u_logic_F8e3z4_reg
              566       u_logic_U9e3z4_reg
              567       u_logic_V233z4_reg
              568       u_logic_Aud3z4_reg
              569       u_logic_Tyd3z4_reg
              570       u_logic_M0i3z4_reg
              571       u_logic_Xyh3z4_reg
              572       u_logic_G123z4_reg
              573       u_logic_Psh3z4_reg
              574       u_logic_K423z4_reg
              575       u_logic_Pa33z4_reg
              576       u_logic_Ht53z4_reg
              577       u_logic_Oir2z4_reg
              578       u_logic_Exd3z4_reg
              579       u_logic_Joi3z4_reg
              580       u_logic_Tch3z4_reg
              581       u_logic_D7k2z4_reg
              582       u_logic_T263z4_reg
              583       u_logic_S2p2z4_reg
              584       u_logic_Z523z4_reg
              585       u_logic_Rbo2z4_reg
              586       u_logic_Ftf3z4_reg
              587       u_logic_Fn13z4_reg
              588       u_logic_O5k2z4_reg
              589       u_logic_X543z4_reg
              590       u_logic_Rz13z4_reg
              591       u_logic_Nqz2z4_reg
              592       u_logic_Sz23z4_reg
              593       u_logic_Ki53z4_reg
              594       u_logic_Ebh3z4_reg
              595       u_logic_Umi3z4_reg
              596       u_logic_Kt43z4_reg
              597       u_logic_Sa23z4_reg
              598       u_logic_M413z4_reg
              599       u_logic_B943z4_reg
              600       u_logic_Jq13z4_reg
              601       u_logic_Fli3z4_reg
              602       u_logic_Qji3z4_reg
              603       u_logic_A8h3z4_reg
              604       u_logic_Sr53z4_reg
              605       u_logic_A933z4_reg
              606       u_logic_Ow23z4_reg
              607       u_logic_P9h3z4_reg
              608       u_logic_Igl2z4_reg
              609       u_logic_Uo13z4_reg
              610       u_logic_Z203z4_reg
              611       u_logic_M4j2z4_reg
              612       u_logic_Na63z4_reg
              613       u_logic_Lph3z4_reg
              614       u_logic_Qrf3z4_reg
              615       u_logic_O403z4_reg
              616       u_logic_Ltg3z4_reg
              617       u_logic_Vzz2z4_reg
              618       u_logic_Yoz2z4_reg
              619       u_logic_R6n2z4_reg
              620       u_logic_Cao2z4_reg
              621       u_logic_Uuf3z4_reg
              622       u_logic_Eyg3z4_reg
              623       u_logic_Vr33z4_reg
              624       u_logic_Arh3z4_reg
              625       u_logic_Ymo2z4_reg
              626       u_logic_Tiz2z4_reg
              627       u_logic_N8i3z4_reg
              628       u_logic_Bk23z4_reg
              629       u_logic_Aez2z4_reg
              630       u_logic_Cai3z4_reg
              631       u_logic_Wnh3z4_reg
              632       u_logic_V0k2z4_reg
              633       u_logic_K2k2z4_reg
              634       u_logic_Koj2z4_reg
              635       u_logic_Lpu2z4_reg
              636       u_logic_Ll73z4_reg
              637       u_logic_Tvt2z4_reg
              638       u_logic_Tr63z4_reg
              639       u_logic_An63z4_reg
              640       u_logic_Jlo2z4_reg
              641       u_logic_Eqq2z4_reg
              642       u_logic_Vhk2z4_reg
              643       u_logic_B5e3z4_reg
              644       u_logic_Ecp2z4_reg
              645       u_logic_Fpi2z4_reg
              646       u_logic_N8o2z4_reg
              647       u_logic_Rdq2z4_reg
              648       u_logic_Ozo2z4_reg
              649       u_logic_Aff3z4_reg
              650       u_logic_Wrg3z4_reg
              651       u_logic_Zfv2z4_reg
              652       u_logic_Q6u2z4_reg
              653       u_logic_A9p2z4_reg
              654       u_logic_Pap2z4_reg
              655       u_logic_U573z4_reg
              656       u_logic_Ka83z4_reg
              657       u_logic_J773z4_reg
              658       u_logic_Gfg3z4_reg
              659       u_logic_Ft83z4_reg
              660       u_logic_J5o2z4_reg
              661       u_logic_U9u2z4_reg
              662       u_logic_Uj93z4_reg
              663       u_logic_Kev2z4_reg
              664       u_logic_Poq2z4_reg
              665       u_logic_B5u2z4_reg
              666       u_logic_Anq2z4_reg
              667       u_logic_Naq2z4_reg
              668       u_logic_Wnu2z4_reg
              669       u_logic_Wj73z4_reg
              670       u_logic_Bf93z4_reg
              671       u_logic_B173z4_reg
              672       u_logic_Fxv2z4_reg
              673       u_logic_Jl93z4_reg
              674       u_logic_Nag3z4_reg
              675       u_logic_Sog3z4_reg
              676       u_logic_Jbu2z4_reg
              677       u_logic_Ldf3z4_reg
              678       u_logic_Eq63z4_reg
              679       u_logic_Nz73z4_reg
              680       u_logic_Tel2z4_reg
              681       u_logic_Rdg3z4_reg
              682       u_logic_Pbl2z4_reg
              683       u_logic_Edl2z4_reg
              684       u_logic_Eut2z4_reg
              685       u_logic_V883z4_reg
              686       u_logic_Rd63z4_reg
              687       u_logic_Df83z4_reg
              688       u_logic_Sg83z4_reg
              689       u_logic_Wj63z4_reg
              690       u_logic_Vuo2z4_reg
              691       u_logic_N3n2z4_reg
              692       u_logic_Ft73z4_reg
              693       u_logic_Uu83z4_reg
              694       u_logic_Ll63z4_reg
              695       u_logic_Nz83z4_reg
              696       u_logic_Uu73z4_reg
              697       u_logic_Lpt2z4_reg
              698       u_logic_Cgt2z4_reg
              699       u_logic_Glj2z4_reg
              700       u_logic_Art2z4_reg
              701       u_logic_Pst2z4_reg
              702       u_logic_Uyu2z4_reg
              703       u_logic_Fio2z4_reg
              704       u_logic_Ggk2z4_reg
              705       u_logic_Ujo2z4_reg
              706       u_logic_Rht2z4_reg
              707       u_logic_Rro2z4_reg
              708       u_logic_Wnt2z4_reg
              709       u_logic_Mz63z4_reg
              710       u_logic_Gto2z4_reg
              711       u_logic_Y1n2z4_reg
              712       u_logic_J0n2z4_reg
              713       u_logic_Vcv2z4_reg
              714       u_logic_Skv2z4_reg
              715       u_logic_Dng3z4_reg
              716       u_logic_N3v2z4_reg
              717       u_logic_Hqg3z4_reg
              718       u_logic_C193z4_reg
              719       u_logic_Bqf3z4_reg
              720       u_logic_Wbf3z4_reg
              721       u_logic_Zxo2z4_reg
              722       u_logic_Orj2z4_reg
              723       u_logic_Mof3z4_reg
              724       u_logic_Ccg3z4_reg
              725       u_logic_Djv2z4_reg
              726       u_logic_Kwo2z4_reg
              727       u_logic_Xmf3z4_reg
              728       u_logic_Y6o2z4_reg
              729       u_logic_M3u2z4_reg
              730       u_logic_An73z4_reg
              731       u_logic_Zkk2z4_reg
              732       u_logic_Aru2z4_reg
              733       u_logic_Fxu2z4_reg
              734       u_logic_Kjk2z4_reg
              735       u_logic_J0v2z4_reg
              736       u_logic_Y1v2z4_reg
              737       u_logic_Vgq2z4_reg
              738       u_logic_Gfq2z4_reg
              739       u_logic_Md93z4_reg
              740       u_logic_Jw83z4_reg
              741       u_logic_Yx83z4_reg
              742       u_logic_Y6i3z4_reg
              743       u_logic_Skh3z4_reg
              744       u_logic_Na53z4_reg
              745       u_logic_Zu23z4_reg
              746       u_logic_Vr23z4_reg
              747       u_logic_Sl03z4_reg
              748       u_logic_Noo2z4_reg
              749       u_logic_Xhl2z4_reg
              750       u_logic_Ay53z4_reg
              751       u_logic_Csz2z4_reg
              752       u_logic_Gf53z4_reg
              753       u_logic_Hn03z4_reg
              754       u_logic_Dy23z4_reg
              755       u_logic_Vg53z4_reg
              756       u_logic_Td33z4_reg
              757       u_logic_Lw53z4_reg
              758       u_logic_If33z4_reg
              759       u_logic_Pgf3z4_reg
              760       u_logic_Vgg3z4_reg
              761       u_logic_L733z4_reg
              762       u_logic_Dq53z4_reg
              763       u_logic_Pw03z4_reg
              764       u_logic_Tz03z4_reg
              765       u_logic_I113z4_reg
              766       u_logic_Tjf3z4_reg
              767       u_logic_Zjg3z4_reg
              768       u_logic_Cc53z4_reg
              769       u_logic_Kt23z4_reg
              770       u_logic_Ql23z4_reg
              771       u_logic_I453z4_reg
              772       u_logic_J5i3z4_reg
              773       u_logic_Hmh3z4_reg
              774       u_logic_T243z4_reg
              775       u_logic_E143z4_reg
              776       u_logic_Xti2z4_reg
              777       u_logic_Zpj2z4_reg
              778       u_logic_Jw73z4_reg
              779       u_logic_C183z4_reg
              780       u_logic_Z8s2z4_reg
              781       u_logic_Wj83z4_reg
              782       u_logic_Hnr2z4_reg
              783       u_logic_Wor2z4_reg
              784       u_logic_Hi83z4_reg
              785       u_logic_Hmv2z4_reg
              786       u_logic_Ffj2z4_reg
              787       u_logic_Nsk2z4_reg
              788       u_logic_A4t2z4_reg
              789       u_logic_Tki2z4_reg
              790       u_logic_Pdi2z4_reg
              791       u_logic_Cyq2z4_reg
              792       u_logic_W7z2z4_reg
              793       u_logic_K9z2z4_reg
              794       u_logic_I6z2z4_reg
              795       u_logic_C3z2z4_reg
              796       u_logic_Tyx2z4_reg
              797       u_logic_Idk2z4_reg
              798       u_logic_Hxx2z4_reg
              799       u_logic_Rbi3z4_reg
              800       u_logic_Vaw2z4_reg
              801       u_logic_Z7i2z4_reg
              802       u_logic_J4x2z4_reg
              803       u_logic_R8x2z4_reg
              804       u_logic_Fcj2z4_reg
              805       u_logic_Igi2z4_reg
              806       u_logic_Gci2z4_reg
              807       u_logic_Omk2z4_reg
              808       u_logic_Ycx2z4_reg
              809       u_logic_G6d3z4_reg
              810       u_logic_Nbx2z4_reg
              811       u_logic_Lrx2z4_reg
              812       u_logic_Xsx2z4_reg
              813       u_logic_Ufx2z4_reg
              814       u_logic_Xyk2z4_reg
              815       u_logic_Zpx2z4_reg
              816       u_logic_Jwf3z4_reg
              817       u_logic_Rix2z4_reg
              818       u_logic_Nox2z4_reg
              819       u_logic_V4d3z4_reg
              820       u_logic_Jex2z4_reg
              821       u_logic_Jux2z4_reg
              822       u_logic_G7x2z4_reg
              823       u_logic_Cax2z4_reg
              824       u_logic_Zei2z4_reg
              825       u_logic_J0l2z4_reg
              826       u_logic_Vvx2z4_reg
              827       u_logic_Gmd3z4_reg
              828       u_logic_Fhx2z4_reg
              829       u_logic_Kaf3z4_reg
              830       u_logic_Dkx2z4_reg
              831       u_logic_Tme3z4_reg
              832       u_logic_Bnx2z4_reg
              833       u_logic_B9g3z4_reg
              834       u_logic_Foe3z4_reg
              835       u_logic_Plx2z4_reg
              836       u_logic_Zjq2z4_reg
              837       u_logic_B6j2z4_reg
              838       u_logic_Wce3z4_reg
              839       u_logic_Rkd3z4_reg
              840       u_logic_Ypi3z4_reg

1
