===== 506 Personal information =====
Name:            Zhiping Wang
UnityID:         zwang79
ECE492 Students? NO
===== 506 SMP Simulator configuration =====
L1_SIZE: 1048576
L1_ASSOC: 8
L1_BLOCKSIZE: 64
NUMBER OF PROCESSORS: 4
COHERENCE PROTOCOL: Dragon
TRACE FILE: trace/canneal.04t.longTrace
============ Simulation results (Cache 0) ============
01. number of reads:				112661
02. number of read misses:			5595
03. number of writes:				11942
04. number of write misses:			3
05. total miss rate:				4.49%
06. number of writebacks:			107
07. number of cache-to-cache transfers:		0
08. number of memory transactions:		5705
09. number of interventions:			1398
10. number of invalidations:			0
11. number of flushes:				3
12. number of BusRdX:				0
============ Simulation results (Cache 1) ============
01. number of reads:				110830
02. number of read misses:			5604
03. number of writes:				11710
04. number of write misses:			2
05. total miss rate:				4.57%
06. number of writebacks:			110
07. number of cache-to-cache transfers:		0
08. number of memory transactions:		5716
09. number of interventions:			1387
10. number of invalidations:			0
11. number of flushes:				9
12. number of BusRdX:				0
============ Simulation results (Cache 2) ============
01. number of reads:				114938
02. number of read misses:			5604
03. number of writes:				12383
04. number of write misses:			2
05. total miss rate:				4.4%
06. number of writebacks:			105
07. number of cache-to-cache transfers:		0
08. number of memory transactions:		5711
09. number of interventions:			1387
10. number of invalidations:			0
11. number of flushes:				6
12. number of BusRdX:				0
============ Simulation results (Cache 3) ============
01. number of reads:				113428
02. number of read misses:			5611
03. number of writes:				12108
04. number of write misses:			0
05. total miss rate:				4.47%
06. number of writebacks:			123
07. number of cache-to-cache transfers:		0
08. number of memory transactions:		5734
09. number of interventions:			1417
10. number of invalidations:			0
11. number of flushes:				6
12. number of BusRdX:				0
