===== 506 Personal information =====
Name:            Zhiping Wang
UnityID:         zwang79
ECE492 Students? NO
===== 506 SMP Simulator configuration =====
L1_SIZE: 2097152
L1_ASSOC: 8
L1_BLOCKSIZE: 64
NUMBER OF PROCESSORS: 4
COHERENCE PROTOCOL: MSI
TRACE FILE: trace/canneal.04t.longTrace
============ Simulation results (Cache 0) ============
01. number of reads:				112661
02. number of read misses:			5750
03. number of writes:				11942
04. number of write misses:			39
05. total miss rate:				4.65%
06. number of writebacks:			166
07. number of cache-to-cache transfers:		0
08. number of memory transactions:		6632
09. number of interventions:			71
10. number of invalidations:			2014
11. number of flushes:				116
12. number of BusRdX:				716
============ Simulation results (Cache 1) ============
01. number of reads:				110830
02. number of read misses:			5779
03. number of writes:				11710
04. number of write misses:			41
05. total miss rate:				4.75%
06. number of writebacks:			143
07. number of cache-to-cache transfers:		0
08. number of memory transactions:		6622
09. number of interventions:			48
10. number of invalidations:			2034
11. number of flushes:				93
12. number of BusRdX:				700
============ Simulation results (Cache 2) ============
01. number of reads:				114938
02. number of read misses:			5751
03. number of writes:				12383
04. number of write misses:			42
05. total miss rate:				4.55%
06. number of writebacks:			176
07. number of cache-to-cache transfers:		0
08. number of memory transactions:		6652
09. number of interventions:			82
10. number of invalidations:			2008
11. number of flushes:				121
12. number of BusRdX:				725
============ Simulation results (Cache 3) ============
01. number of reads:				113428
02. number of read misses:			5789
03. number of writes:				12108
04. number of write misses:			39
05. total miss rate:				4.64%
06. number of writebacks:			152
07. number of cache-to-cache transfers:		0
08. number of memory transactions:		6655
09. number of interventions:			64
10. number of invalidations:			2020
11. number of flushes:				89
12. number of BusRdX:				714
