===== 506 Personal information =====
Name:            Zhiping Wang
UnityID:         zwang79
ECE492 Students? NO
===== 506 SMP Simulator configuration =====
L1_SIZE: 1048576
L1_ASSOC: 8
L1_BLOCKSIZE: 128
NUMBER OF PROCESSORS: 4
COHERENCE PROTOCOL: Dragon
TRACE FILE: trace/canneal.04t.longTrace
============ Simulation results (Cache 0) ============
01. number of reads:				112661
02. number of read misses:			5069
03. number of writes:				11942
04. number of write misses:			3
05. total miss rate:				4.07%
06. number of writebacks:			145
07. number of cache-to-cache transfers:		0
08. number of memory transactions:		5217
09. number of interventions:			1256
10. number of invalidations:			0
11. number of flushes:				3
12. number of BusRdX:				0
============ Simulation results (Cache 1) ============
01. number of reads:				110830
02. number of read misses:			5080
03. number of writes:				11710
04. number of write misses:			1
05. total miss rate:				4.15%
06. number of writebacks:			149
07. number of cache-to-cache transfers:		0
08. number of memory transactions:		5230
09. number of interventions:			1266
10. number of invalidations:			0
11. number of flushes:				9
12. number of BusRdX:				0
============ Simulation results (Cache 2) ============
01. number of reads:				114938
02. number of read misses:			5080
03. number of writes:				12383
04. number of write misses:			2
05. total miss rate:				3.99%
06. number of writebacks:			145
07. number of cache-to-cache transfers:		0
08. number of memory transactions:		5227
09. number of interventions:			1257
10. number of invalidations:			0
11. number of flushes:				6
12. number of BusRdX:				0
============ Simulation results (Cache 3) ============
01. number of reads:				113428
02. number of read misses:			5086
03. number of writes:				12108
04. number of write misses:			0
05. total miss rate:				4.05%
06. number of writebacks:			160
07. number of cache-to-cache transfers:		0
08. number of memory transactions:		5246
09. number of interventions:			1287
10. number of invalidations:			0
11. number of flushes:				9
12. number of BusRdX:				0
