 
****************************************
Report : area
Design : xbar
Version: P-2019.03-SP1
Date   : Thu Sep 12 22:02:38 2019
****************************************

Library(s) Used:

    NanGate_15nm_OCL (File: /afs/eos.ncsu.edu/lockers/research/ece/wdavis/tech/nangate/NanGate_15nm_OCL_v0.1_2014_06.A/front_end/timing_power_noise/CCS/NanGate_15nm_OCL_slow_conditional_ccs.db)

Number of ports:                          974
Number of nets:                          4531
Number of cells:                         3965
Number of combinational cells:           3543
Number of sequential cells:               408
Number of macros/black boxes:               0
Number of buf/inv:                        255
Number of references:                      22

Combinational area:               1129.365503
Buf/Inv area:                       37.601281
Noncombinational area:             652.345325
Macro/Black Box area:                0.000000
Net Interconnect area:      undefined  (No wire load specified)

Total cell area:                  1781.710829
Total area:                 undefined

Core Area:                      2469
Aspect Ratio:                 1.0091
Utilization Ratio:            0.6978


The above information was reported from the logical library. The following are from the physical library:

  Total moveable cell area: 1723.3
  Total fixed cell area: 0.0
  Total physical cell area: 1723.3
 Core area: 0.000, 0.000, 49.472, 49.920
1
